{"/home/jakekausler/programs/billsV2Dev/Bills-Node-Server/src/index.ts": {"path":"/home/jakekausler/programs/billsV2Dev/Bills-Node-Server/src/index.ts","all":true,"statementMap":{"0":{"start":{"line":1,"column":0},"end":{"line":1,"column":76}},"1":{"start":{"line":2,"column":0},"end":{"line":2,"column":37}},"2":{"start":{"line":3,"column":0},"end":{"line":3,"column":88}},"3":{"start":{"line":4,"column":0},"end":{"line":4,"column":82}},"4":{"start":{"line":5,"column":0},"end":{"line":5,"column":59}},"5":{"start":{"line":6,"column":0},"end":{"line":6,"column":62}},"6":{"start":{"line":7,"column":0},"end":{"line":7,"column":55}},"7":{"start":{"line":8,"column":0},"end":{"line":8,"column":83}},"8":{"start":{"line":9,"column":0},"end":{"line":9,"column":8}},"14":{"start":{"line":15,"column":0},"end":{"line":15,"column":70}},"15":{"start":{"line":16,"column":0},"end":{"line":16,"column":8}},"21":{"start":{"line":22,"column":0},"end":{"line":22,"column":102}},"22":{"start":{"line":23,"column":0},"end":{"line":23,"column":120}},"23":{"start":{"line":24,"column":0},"end":{"line":24,"column":56}},"24":{"start":{"line":25,"column":0},"end":{"line":25,"column":99}},"25":{"start":{"line":26,"column":0},"end":{"line":26,"column":115}},"26":{"start":{"line":27,"column":0},"end":{"line":27,"column":87}},"27":{"start":{"line":28,"column":0},"end":{"line":28,"column":89}},"28":{"start":{"line":29,"column":0},"end":{"line":29,"column":66}},"29":{"start":{"line":30,"column":0},"end":{"line":30,"column":96}},"30":{"start":{"line":31,"column":0},"end":{"line":31,"column":82}},"31":{"start":{"line":32,"column":0},"end":{"line":32,"column":67}},"32":{"start":{"line":33,"column":0},"end":{"line":33,"column":54}},"33":{"start":{"line":34,"column":0},"end":{"line":34,"column":42}},"34":{"start":{"line":35,"column":0},"end":{"line":35,"column":87}},"35":{"start":{"line":36,"column":0},"end":{"line":36,"column":81}},"36":{"start":{"line":37,"column":0},"end":{"line":37,"column":66}},"37":{"start":{"line":38,"column":0},"end":{"line":38,"column":28}},"38":{"start":{"line":39,"column":0},"end":{"line":39,"column":26}},"39":{"start":{"line":40,"column":0},"end":{"line":40,"column":23}},"40":{"start":{"line":41,"column":0},"end":{"line":41,"column":31}},"41":{"start":{"line":42,"column":0},"end":{"line":42,"column":33}},"42":{"start":{"line":43,"column":0},"end":{"line":43,"column":69}},"52":{"start":{"line":53,"column":0},"end":{"line":53,"column":31}},"53":{"start":{"line":54,"column":0},"end":{"line":54,"column":38}},"56":{"start":{"line":57,"column":0},"end":{"line":57,"column":24}},"57":{"start":{"line":58,"column":0},"end":{"line":58,"column":51}},"63":{"start":{"line":64,"column":0},"end":{"line":64,"column":42}},"64":{"start":{"line":65,"column":0},"end":{"line":65,"column":15}},"65":{"start":{"line":66,"column":0},"end":{"line":66,"column":17}},"66":{"start":{"line":67,"column":0},"end":{"line":67,"column":3}},"67":{"start":{"line":68,"column":0},"end":{"line":68,"column":7}},"68":{"start":{"line":69,"column":0},"end":{"line":69,"column":84}},"69":{"start":{"line":70,"column":0},"end":{"line":70,"column":26}},"70":{"start":{"line":71,"column":0},"end":{"line":71,"column":11}},"71":{"start":{"line":72,"column":0},"end":{"line":72,"column":17}},"72":{"start":{"line":73,"column":0},"end":{"line":73,"column":3}},"73":{"start":{"line":74,"column":0},"end":{"line":74,"column":2}},"75":{"start":{"line":76,"column":0},"end":{"line":76,"column":74}},"76":{"start":{"line":77,"column":0},"end":{"line":77,"column":42}},"77":{"start":{"line":78,"column":0},"end":{"line":78,"column":37}},"78":{"start":{"line":79,"column":0},"end":{"line":79,"column":16}},"79":{"start":{"line":80,"column":0},"end":{"line":80,"column":55}},"80":{"start":{"line":81,"column":0},"end":{"line":81,"column":11}},"81":{"start":{"line":82,"column":0},"end":{"line":82,"column":3}},"82":{"start":{"line":83,"column":0},"end":{"line":83,"column":22}},"83":{"start":{"line":84,"column":0},"end":{"line":84,"column":9}},"84":{"start":{"line":85,"column":0},"end":{"line":85,"column":2}},"87":{"start":{"line":88,"column":0},"end":{"line":88,"column":3}},"88":{"start":{"line":89,"column":0},"end":{"line":89,"column":25}},"89":{"start":{"line":90,"column":0},"end":{"line":90,"column":54}},"90":{"start":{"line":91,"column":0},"end":{"line":91,"column":37}},"91":{"start":{"line":92,"column":0},"end":{"line":92,"column":4}},"92":{"start":{"line":93,"column":0},"end":{"line":93,"column":54}},"93":{"start":{"line":94,"column":0},"end":{"line":94,"column":30}},"94":{"start":{"line":95,"column":0},"end":{"line":95,"column":4}},"95":{"start":{"line":96,"column":0},"end":{"line":96,"column":55}},"96":{"start":{"line":97,"column":0},"end":{"line":97,"column":34}},"97":{"start":{"line":98,"column":0},"end":{"line":98,"column":5}},"100":{"start":{"line":101,"column":0},"end":{"line":101,"column":89}},"101":{"start":{"line":102,"column":0},"end":{"line":102,"column":33}},"102":{"start":{"line":103,"column":0},"end":{"line":103,"column":3}},"104":{"start":{"line":105,"column":0},"end":{"line":105,"column":78}},"105":{"start":{"line":106,"column":0},"end":{"line":106,"column":37}},"106":{"start":{"line":107,"column":0},"end":{"line":107,"column":3}},"108":{"start":{"line":109,"column":0},"end":{"line":109,"column":3}},"109":{"start":{"line":110,"column":0},"end":{"line":110,"column":36}},"110":{"start":{"line":111,"column":0},"end":{"line":111,"column":54}},"111":{"start":{"line":112,"column":0},"end":{"line":112,"column":30}},"112":{"start":{"line":113,"column":0},"end":{"line":113,"column":4}},"113":{"start":{"line":114,"column":0},"end":{"line":114,"column":55}},"114":{"start":{"line":115,"column":0},"end":{"line":115,"column":33}},"115":{"start":{"line":116,"column":0},"end":{"line":116,"column":4}},"116":{"start":{"line":117,"column":0},"end":{"line":117,"column":57}},"117":{"start":{"line":118,"column":0},"end":{"line":118,"column":33}},"118":{"start":{"line":119,"column":0},"end":{"line":119,"column":5}},"121":{"start":{"line":122,"column":0},"end":{"line":122,"column":97}},"122":{"start":{"line":123,"column":0},"end":{"line":123,"column":33}},"123":{"start":{"line":124,"column":0},"end":{"line":124,"column":3}},"126":{"start":{"line":127,"column":0},"end":{"line":127,"column":3}},"127":{"start":{"line":128,"column":0},"end":{"line":128,"column":45}},"128":{"start":{"line":129,"column":0},"end":{"line":129,"column":54}},"129":{"start":{"line":130,"column":0},"end":{"line":130,"column":38}},"130":{"start":{"line":131,"column":0},"end":{"line":131,"column":4}},"131":{"start":{"line":132,"column":0},"end":{"line":132,"column":54}},"132":{"start":{"line":133,"column":0},"end":{"line":133,"column":31}},"133":{"start":{"line":134,"column":0},"end":{"line":134,"column":5}},"135":{"start":{"line":136,"column":0},"end":{"line":136,"column":3}},"136":{"start":{"line":137,"column":0},"end":{"line":137,"column":57}},"137":{"start":{"line":138,"column":0},"end":{"line":138,"column":54}},"138":{"start":{"line":139,"column":0},"end":{"line":139,"column":39}},"139":{"start":{"line":140,"column":0},"end":{"line":140,"column":4}},"140":{"start":{"line":141,"column":0},"end":{"line":141,"column":55}},"141":{"start":{"line":142,"column":0},"end":{"line":142,"column":42}},"142":{"start":{"line":143,"column":0},"end":{"line":143,"column":4}},"143":{"start":{"line":144,"column":0},"end":{"line":144,"column":57}},"144":{"start":{"line":145,"column":0},"end":{"line":145,"column":42}},"145":{"start":{"line":146,"column":0},"end":{"line":146,"column":5}},"147":{"start":{"line":148,"column":0},"end":{"line":148,"column":3}},"148":{"start":{"line":149,"column":0},"end":{"line":149,"column":86}},"149":{"start":{"line":150,"column":0},"end":{"line":150,"column":55}},"150":{"start":{"line":151,"column":0},"end":{"line":151,"column":44}},"151":{"start":{"line":152,"column":0},"end":{"line":152,"column":5}},"154":{"start":{"line":155,"column":0},"end":{"line":155,"column":3}},"155":{"start":{"line":156,"column":0},"end":{"line":156,"column":42}},"156":{"start":{"line":157,"column":0},"end":{"line":157,"column":54}},"157":{"start":{"line":158,"column":0},"end":{"line":158,"column":35}},"158":{"start":{"line":159,"column":0},"end":{"line":159,"column":4}},"159":{"start":{"line":160,"column":0},"end":{"line":160,"column":54}},"160":{"start":{"line":161,"column":0},"end":{"line":161,"column":27}},"161":{"start":{"line":162,"column":0},"end":{"line":162,"column":5}},"163":{"start":{"line":164,"column":0},"end":{"line":164,"column":3}},"164":{"start":{"line":165,"column":0},"end":{"line":165,"column":50}},"165":{"start":{"line":166,"column":0},"end":{"line":166,"column":54}},"166":{"start":{"line":167,"column":0},"end":{"line":167,"column":35}},"167":{"start":{"line":168,"column":0},"end":{"line":168,"column":4}},"168":{"start":{"line":169,"column":0},"end":{"line":169,"column":55}},"169":{"start":{"line":170,"column":0},"end":{"line":170,"column":38}},"170":{"start":{"line":171,"column":0},"end":{"line":171,"column":4}},"171":{"start":{"line":172,"column":0},"end":{"line":172,"column":57}},"172":{"start":{"line":173,"column":0},"end":{"line":173,"column":38}},"173":{"start":{"line":174,"column":0},"end":{"line":174,"column":5}},"175":{"start":{"line":176,"column":0},"end":{"line":176,"column":3}},"176":{"start":{"line":177,"column":0},"end":{"line":177,"column":79}},"177":{"start":{"line":178,"column":0},"end":{"line":178,"column":55}},"178":{"start":{"line":179,"column":0},"end":{"line":179,"column":40}},"179":{"start":{"line":180,"column":0},"end":{"line":180,"column":5}},"182":{"start":{"line":183,"column":0},"end":{"line":183,"column":78}},"183":{"start":{"line":184,"column":0},"end":{"line":184,"column":34}},"184":{"start":{"line":185,"column":0},"end":{"line":185,"column":3}},"187":{"start":{"line":188,"column":0},"end":{"line":188,"column":3}},"188":{"start":{"line":189,"column":0},"end":{"line":189,"column":46}},"189":{"start":{"line":190,"column":0},"end":{"line":190,"column":54}},"190":{"start":{"line":191,"column":0},"end":{"line":191,"column":39}},"191":{"start":{"line":192,"column":0},"end":{"line":192,"column":4}},"192":{"start":{"line":193,"column":0},"end":{"line":193,"column":54}},"193":{"start":{"line":194,"column":0},"end":{"line":194,"column":31}},"194":{"start":{"line":195,"column":0},"end":{"line":195,"column":4}},"195":{"start":{"line":196,"column":0},"end":{"line":196,"column":55}},"196":{"start":{"line":197,"column":0},"end":{"line":197,"column":34}},"197":{"start":{"line":198,"column":0},"end":{"line":198,"column":5}},"199":{"start":{"line":200,"column":0},"end":{"line":200,"column":3}},"200":{"start":{"line":201,"column":0},"end":{"line":201,"column":58}},"201":{"start":{"line":202,"column":0},"end":{"line":202,"column":54}},"202":{"start":{"line":203,"column":0},"end":{"line":203,"column":39}},"203":{"start":{"line":204,"column":0},"end":{"line":204,"column":4}},"204":{"start":{"line":205,"column":0},"end":{"line":205,"column":55}},"205":{"start":{"line":206,"column":0},"end":{"line":206,"column":42}},"206":{"start":{"line":207,"column":0},"end":{"line":207,"column":4}},"207":{"start":{"line":208,"column":0},"end":{"line":208,"column":57}},"208":{"start":{"line":209,"column":0},"end":{"line":209,"column":42}},"209":{"start":{"line":210,"column":0},"end":{"line":210,"column":5}},"212":{"start":{"line":213,"column":0},"end":{"line":213,"column":105}},"213":{"start":{"line":214,"column":0},"end":{"line":214,"column":41}},"214":{"start":{"line":215,"column":0},"end":{"line":215,"column":3}},"216":{"start":{"line":217,"column":0},"end":{"line":217,"column":117}},"217":{"start":{"line":218,"column":0},"end":{"line":218,"column":49}},"218":{"start":{"line":219,"column":0},"end":{"line":219,"column":3}},"221":{"start":{"line":222,"column":0},"end":{"line":222,"column":3}},"222":{"start":{"line":223,"column":0},"end":{"line":223,"column":27}},"223":{"start":{"line":224,"column":0},"end":{"line":224,"column":54}},"224":{"start":{"line":225,"column":0},"end":{"line":225,"column":33}},"225":{"start":{"line":226,"column":0},"end":{"line":226,"column":4}},"226":{"start":{"line":227,"column":0},"end":{"line":227,"column":54}},"227":{"start":{"line":228,"column":0},"end":{"line":228,"column":31}},"228":{"start":{"line":229,"column":0},"end":{"line":229,"column":4}},"229":{"start":{"line":230,"column":0},"end":{"line":230,"column":57}},"230":{"start":{"line":231,"column":0},"end":{"line":231,"column":34}},"231":{"start":{"line":232,"column":0},"end":{"line":232,"column":5}},"233":{"start":{"line":234,"column":0},"end":{"line":234,"column":84}},"234":{"start":{"line":235,"column":0},"end":{"line":235,"column":38}},"235":{"start":{"line":236,"column":0},"end":{"line":236,"column":3}},"237":{"start":{"line":238,"column":0},"end":{"line":238,"column":96}},"238":{"start":{"line":239,"column":0},"end":{"line":239,"column":48}},"239":{"start":{"line":240,"column":0},"end":{"line":240,"column":3}},"241":{"start":{"line":242,"column":0},"end":{"line":242,"column":93}},"242":{"start":{"line":243,"column":0},"end":{"line":243,"column":45}},"243":{"start":{"line":244,"column":0},"end":{"line":244,"column":3}},"245":{"start":{"line":246,"column":0},"end":{"line":246,"column":102}},"246":{"start":{"line":247,"column":0},"end":{"line":247,"column":52}},"247":{"start":{"line":248,"column":0},"end":{"line":248,"column":3}},"250":{"start":{"line":251,"column":0},"end":{"line":251,"column":3}},"251":{"start":{"line":252,"column":0},"end":{"line":252,"column":28}},"252":{"start":{"line":253,"column":0},"end":{"line":253,"column":54}},"253":{"start":{"line":254,"column":0},"end":{"line":254,"column":34}},"254":{"start":{"line":255,"column":0},"end":{"line":255,"column":4}},"255":{"start":{"line":256,"column":0},"end":{"line":256,"column":55}},"256":{"start":{"line":257,"column":0},"end":{"line":257,"column":37}},"257":{"start":{"line":258,"column":0},"end":{"line":258,"column":5}},"259":{"start":{"line":260,"column":0},"end":{"line":260,"column":90}},"260":{"start":{"line":261,"column":0},"end":{"line":261,"column":34}},"261":{"start":{"line":262,"column":0},"end":{"line":262,"column":3}},"264":{"start":{"line":265,"column":0},"end":{"line":265,"column":69}},"265":{"start":{"line":266,"column":0},"end":{"line":266,"column":35}},"266":{"start":{"line":267,"column":0},"end":{"line":267,"column":3}},"269":{"start":{"line":270,"column":0},"end":{"line":270,"column":68}},"270":{"start":{"line":271,"column":0},"end":{"line":271,"column":25}},"271":{"start":{"line":272,"column":0},"end":{"line":272,"column":3}},"274":{"start":{"line":275,"column":0},"end":{"line":275,"column":75}},"275":{"start":{"line":276,"column":0},"end":{"line":276,"column":28}},"276":{"start":{"line":277,"column":0},"end":{"line":277,"column":3}},"284":{"start":{"line":285,"column":0},"end":{"line":285,"column":68}},"285":{"start":{"line":286,"column":0},"end":{"line":286,"column":42}},"286":{"start":{"line":287,"column":0},"end":{"line":287,"column":17}},"287":{"start":{"line":288,"column":0},"end":{"line":288,"column":7}},"288":{"start":{"line":289,"column":0},"end":{"line":289,"column":41}},"289":{"start":{"line":290,"column":0},"end":{"line":290,"column":35}},"290":{"start":{"line":291,"column":0},"end":{"line":291,"column":39}},"291":{"start":{"line":292,"column":0},"end":{"line":292,"column":43}},"292":{"start":{"line":293,"column":0},"end":{"line":293,"column":43}},"293":{"start":{"line":294,"column":0},"end":{"line":294,"column":7}},"295":{"start":{"line":296,"column":0},"end":{"line":296,"column":63}},"296":{"start":{"line":297,"column":0},"end":{"line":297,"column":34}},"297":{"start":{"line":298,"column":0},"end":{"line":298,"column":52}},"298":{"start":{"line":299,"column":0},"end":{"line":299,"column":25}},"299":{"start":{"line":300,"column":0},"end":{"line":300,"column":18}},"300":{"start":{"line":301,"column":0},"end":{"line":301,"column":28}},"302":{"start":{"line":303,"column":0},"end":{"line":303,"column":59}},"303":{"start":{"line":304,"column":0},"end":{"line":304,"column":37}},"304":{"start":{"line":305,"column":0},"end":{"line":305,"column":13}},"305":{"start":{"line":306,"column":0},"end":{"line":306,"column":5}},"307":{"start":{"line":308,"column":0},"end":{"line":308,"column":100}},"309":{"start":{"line":310,"column":0},"end":{"line":310,"column":24}},"310":{"start":{"line":311,"column":0},"end":{"line":311,"column":17}},"311":{"start":{"line":312,"column":0},"end":{"line":312,"column":23}},"312":{"start":{"line":313,"column":0},"end":{"line":313,"column":35}},"313":{"start":{"line":314,"column":0},"end":{"line":314,"column":13}},"314":{"start":{"line":315,"column":0},"end":{"line":315,"column":21}},"315":{"start":{"line":316,"column":0},"end":{"line":316,"column":23}},"316":{"start":{"line":317,"column":0},"end":{"line":317,"column":5}},"317":{"start":{"line":318,"column":0},"end":{"line":318,"column":3}},"318":{"start":{"line":319,"column":0},"end":{"line":319,"column":3}},"320":{"start":{"line":321,"column":0},"end":{"line":321,"column":77}},"321":{"start":{"line":322,"column":0},"end":{"line":322,"column":28}},"322":{"start":{"line":323,"column":0},"end":{"line":323,"column":3}},"324":{"start":{"line":325,"column":0},"end":{"line":325,"column":72}},"325":{"start":{"line":326,"column":0},"end":{"line":326,"column":63}},"326":{"start":{"line":327,"column":0},"end":{"line":327,"column":9}},"347":{"start":{"line":348,"column":0},"end":{"line":348,"column":3}},"349":{"start":{"line":350,"column":0},"end":{"line":350,"column":64}},"350":{"start":{"line":351,"column":0},"end":{"line":351,"column":42}},"351":{"start":{"line":352,"column":0},"end":{"line":352,"column":37}},"352":{"start":{"line":353,"column":0},"end":{"line":353,"column":16}},"353":{"start":{"line":354,"column":0},"end":{"line":354,"column":55}},"354":{"start":{"line":355,"column":0},"end":{"line":355,"column":11}},"355":{"start":{"line":356,"column":0},"end":{"line":356,"column":3}},"356":{"start":{"line":357,"column":0},"end":{"line":357,"column":30}},"357":{"start":{"line":358,"column":0},"end":{"line":358,"column":3}},"359":{"start":{"line":360,"column":0},"end":{"line":360,"column":77}},"360":{"start":{"line":361,"column":0},"end":{"line":361,"column":39}},"361":{"start":{"line":362,"column":0},"end":{"line":362,"column":3}},"363":{"start":{"line":364,"column":0},"end":{"line":364,"column":65}},"364":{"start":{"line":365,"column":0},"end":{"line":365,"column":31}},"365":{"start":{"line":366,"column":0},"end":{"line":366,"column":35}},"366":{"start":{"line":367,"column":0},"end":{"line":367,"column":3}},"369":{"start":{"line":370,"column":0},"end":{"line":370,"column":24}},"370":{"start":{"line":371,"column":0},"end":{"line":371,"column":51}},"371":{"start":{"line":372,"column":0},"end":{"line":372,"column":3}}},"s":{"0":0,"1":0,"2":0,"3":0,"4":0,"5":0,"6":0,"7":0,"8":0,"14":0,"15":0,"21":0,"22":0,"23":0,"24":0,"25":0,"26":0,"27":0,"28":0,"29":0,"30":0,"31":0,"32":0,"33":0,"34":0,"35":0,"36":0,"37":0,"38":0,"39":0,"40":0,"41":0,"42":0,"52":0,"53":0,"56":0,"57":0,"63":0,"64":0,"65":0,"66":0,"67":0,"68":0,"69":0,"70":0,"71":0,"72":0,"73":0,"75":0,"76":0,"77":0,"78":0,"79":0,"80":0,"81":0,"82":0,"83":0,"84":0,"87":0,"88":0,"89":0,"90":0,"91":0,"92":0,"93":0,"94":0,"95":0,"96":0,"97":0,"100":0,"101":0,"102":0,"104":0,"105":0,"106":0,"108":0,"109":0,"110":0,"111":0,"112":0,"113":0,"114":0,"115":0,"116":0,"117":0,"118":0,"121":0,"122":0,"123":0,"126":0,"127":0,"128":0,"129":0,"130":0,"131":0,"132":0,"133":0,"135":0,"136":0,"137":0,"138":0,"139":0,"140":0,"141":0,"142":0,"143":0,"144":0,"145":0,"147":0,"148":0,"149":0,"150":0,"151":0,"154":0,"155":0,"156":0,"157":0,"158":0,"159":0,"160":0,"161":0,"163":0,"164":0,"165":0,"166":0,"167":0,"168":0,"169":0,"170":0,"171":0,"172":0,"173":0,"175":0,"176":0,"177":0,"178":0,"179":0,"182":0,"183":0,"184":0,"187":0,"188":0,"189":0,"190":0,"191":0,"192":0,"193":0,"194":0,"195":0,"196":0,"197":0,"199":0,"200":0,"201":0,"202":0,"203":0,"204":0,"205":0,"206":0,"207":0,"208":0,"209":0,"212":0,"213":0,"214":0,"216":0,"217":0,"218":0,"221":0,"222":0,"223":0,"224":0,"225":0,"226":0,"227":0,"228":0,"229":0,"230":0,"231":0,"233":0,"234":0,"235":0,"237":0,"238":0,"239":0,"241":0,"242":0,"243":0,"245":0,"246":0,"247":0,"250":0,"251":0,"252":0,"253":0,"254":0,"255":0,"256":0,"257":0,"259":0,"260":0,"261":0,"264":0,"265":0,"266":0,"269":0,"270":0,"271":0,"274":0,"275":0,"276":0,"284":0,"285":0,"286":0,"287":0,"288":0,"289":0,"290":0,"291":0,"292":0,"293":0,"295":0,"296":0,"297":0,"298":0,"299":0,"300":0,"302":0,"303":0,"304":0,"305":0,"307":0,"309":0,"310":0,"311":0,"312":0,"313":0,"314":0,"315":0,"316":0,"317":0,"318":0,"320":0,"321":0,"322":0,"324":0,"325":0,"326":0,"347":0,"349":0,"350":0,"351":0,"352":0,"353":0,"354":0,"355":0,"356":0,"357":0,"359":0,"360":0,"361":0,"363":0,"364":0,"365":0,"366":0,"369":0,"370":0,"371":0},"branchMap":{"0":{"type":"branch","line":1,"loc":{"start":{"line":1,"column":0},"end":{"line":372,"column":-1901}},"locations":[{"start":{"line":1,"column":0},"end":{"line":372,"column":-1901}}]}},"b":{"0":[0]},"fnMap":{"0":{"name":"(empty-report)","decl":{"start":{"line":1,"column":0},"end":{"line":372,"column":-1901}},"loc":{"start":{"line":1,"column":0},"end":{"line":372,"column":-1901}},"line":1}},"f":{"0":0}}
,"/home/jakekausler/programs/billsV2Dev/Bills-Node-Server/src/api/accounts/account.ts": {"path":"/home/jakekausler/programs/billsV2Dev/Bills-Node-Server/src/api/accounts/account.ts","all":false,"statementMap":{"1":{"start":{"line":2,"column":0},"end":{"line":2,"column":50}},"2":{"start":{"line":3,"column":0},"end":{"line":3,"column":50}},"4":{"start":{"line":5,"column":0},"end":{"line":5,"column":63}},"13":{"start":{"line":14,"column":0},"end":{"line":14,"column":46}},"14":{"start":{"line":15,"column":0},"end":{"line":15,"column":32}},"15":{"start":{"line":16,"column":0},"end":{"line":16,"column":97}},"16":{"start":{"line":17,"column":0},"end":{"line":17,"column":33}},"17":{"start":{"line":18,"column":0},"end":{"line":18,"column":1}},"25":{"start":{"line":26,"column":0},"end":{"line":26,"column":49}},"26":{"start":{"line":27,"column":0},"end":{"line":27,"column":45}},"27":{"start":{"line":28,"column":0},"end":{"line":28,"column":97}},"28":{"start":{"line":29,"column":0},"end":{"line":29,"column":32}},"29":{"start":{"line":30,"column":0},"end":{"line":30,"column":38}},"30":{"start":{"line":31,"column":0},"end":{"line":31,"column":33}},"31":{"start":{"line":32,"column":0},"end":{"line":32,"column":1}},"39":{"start":{"line":40,"column":0},"end":{"line":40,"column":49}},"40":{"start":{"line":41,"column":0},"end":{"line":41,"column":45}},"41":{"start":{"line":42,"column":0},"end":{"line":42,"column":81}},"42":{"start":{"line":43,"column":0},"end":{"line":43,"column":45}},"43":{"start":{"line":44,"column":0},"end":{"line":44,"column":4}},"44":{"start":{"line":45,"column":0},"end":{"line":45,"column":38}},"45":{"start":{"line":46,"column":0},"end":{"line":46,"column":34}},"46":{"start":{"line":47,"column":0},"end":{"line":47,"column":1}}},"s":{"1":1,"2":1,"4":1,"13":1,"14":2,"15":2,"16":2,"17":2,"25":1,"26":2,"27":2,"28":2,"29":2,"30":2,"31":2,"39":1,"40":3,"41":3,"42":3,"43":3,"44":3,"45":3,"46":3},"branchMap":{"0":{"type":"branch","line":14,"loc":{"start":{"line":14,"column":7},"end":{"line":18,"column":1}},"locations":[{"start":{"line":14,"column":7},"end":{"line":18,"column":1}}]},"1":{"type":"branch","line":26,"loc":{"start":{"line":26,"column":7},"end":{"line":32,"column":1}},"locations":[{"start":{"line":26,"column":7},"end":{"line":32,"column":1}}]},"2":{"type":"branch","line":40,"loc":{"start":{"line":40,"column":7},"end":{"line":47,"column":1}},"locations":[{"start":{"line":40,"column":7},"end":{"line":47,"column":1}}]},"3":{"type":"branch","line":43,"loc":{"start":{"line":43,"column":4},"end":{"line":43,"column":45}},"locations":[{"start":{"line":43,"column":4},"end":{"line":43,"column":45}}]}},"b":{"0":[2],"1":[2],"2":[3],"3":[6]},"fnMap":{"0":{"name":"getAccount","decl":{"start":{"line":14,"column":7},"end":{"line":18,"column":1}},"loc":{"start":{"line":14,"column":7},"end":{"line":18,"column":1}},"line":14},"1":{"name":"updateAccount","decl":{"start":{"line":26,"column":7},"end":{"line":32,"column":1}},"loc":{"start":{"line":26,"column":7},"end":{"line":32,"column":1}},"line":26},"2":{"name":"removeAccount","decl":{"start":{"line":40,"column":7},"end":{"line":47,"column":1}},"loc":{"start":{"line":40,"column":7},"end":{"line":47,"column":1}},"line":40}},"f":{"0":2,"1":2,"2":3}}
,"/home/jakekausler/programs/billsV2Dev/Bills-Node-Server/src/api/accounts/accounts.ts": {"path":"/home/jakekausler/programs/billsV2Dev/Bills-Node-Server/src/api/accounts/accounts.ts","all":false,"statementMap":{"1":{"start":{"line":2,"column":0},"end":{"line":2,"column":53}},"3":{"start":{"line":4,"column":0},"end":{"line":4,"column":63}},"4":{"start":{"line":5,"column":0},"end":{"line":5,"column":50}},"5":{"start":{"line":6,"column":0},"end":{"line":6,"column":50}},"13":{"start":{"line":14,"column":0},"end":{"line":14,"column":53}},"14":{"start":{"line":15,"column":0},"end":{"line":15,"column":32}},"15":{"start":{"line":16,"column":0},"end":{"line":16,"column":86}},"16":{"start":{"line":17,"column":0},"end":{"line":17,"column":1}},"23":{"start":{"line":24,"column":0},"end":{"line":24,"column":46}},"24":{"start":{"line":25,"column":0},"end":{"line":25,"column":45}},"25":{"start":{"line":26,"column":0},"end":{"line":26,"column":83}},"26":{"start":{"line":27,"column":0},"end":{"line":27,"column":38}},"27":{"start":{"line":28,"column":0},"end":{"line":28,"column":94}},"28":{"start":{"line":29,"column":0},"end":{"line":29,"column":1}},"35":{"start":{"line":36,"column":0},"end":{"line":36,"column":88}},"36":{"start":{"line":37,"column":0},"end":{"line":37,"column":41}},"37":{"start":{"line":38,"column":0},"end":{"line":38,"column":35}},"38":{"start":{"line":39,"column":0},"end":{"line":39,"column":3}},"39":{"start":{"line":40,"column":0},"end":{"line":40,"column":41}},"40":{"start":{"line":41,"column":0},"end":{"line":41,"column":35}},"41":{"start":{"line":42,"column":0},"end":{"line":42,"column":3}},"42":{"start":{"line":43,"column":0},"end":{"line":43,"column":45}},"43":{"start":{"line":44,"column":0},"end":{"line":44,"column":39}},"44":{"start":{"line":45,"column":0},"end":{"line":45,"column":3}},"45":{"start":{"line":46,"column":0},"end":{"line":46,"column":1}},"52":{"start":{"line":53,"column":0},"end":{"line":53,"column":84}},"53":{"start":{"line":54,"column":0},"end":{"line":54,"column":63}},"54":{"start":{"line":55,"column":0},"end":{"line":55,"column":62}},"55":{"start":{"line":56,"column":0},"end":{"line":56,"column":3}},"56":{"start":{"line":57,"column":0},"end":{"line":57,"column":67}},"57":{"start":{"line":58,"column":0},"end":{"line":58,"column":66}},"58":{"start":{"line":59,"column":0},"end":{"line":59,"column":3}},"59":{"start":{"line":60,"column":0},"end":{"line":60,"column":75}},"60":{"start":{"line":61,"column":0},"end":{"line":61,"column":74}},"61":{"start":{"line":62,"column":0},"end":{"line":62,"column":3}},"62":{"start":{"line":63,"column":0},"end":{"line":63,"column":69}},"63":{"start":{"line":64,"column":0},"end":{"line":64,"column":71}},"64":{"start":{"line":65,"column":0},"end":{"line":65,"column":3}},"65":{"start":{"line":66,"column":0},"end":{"line":66,"column":1}},"72":{"start":{"line":73,"column":0},"end":{"line":73,"column":89}},"73":{"start":{"line":74,"column":0},"end":{"line":74,"column":57}},"74":{"start":{"line":75,"column":0},"end":{"line":75,"column":57}},"75":{"start":{"line":76,"column":0},"end":{"line":76,"column":3}},"76":{"start":{"line":77,"column":0},"end":{"line":77,"column":61}},"77":{"start":{"line":78,"column":0},"end":{"line":78,"column":63}},"78":{"start":{"line":79,"column":0},"end":{"line":79,"column":3}},"79":{"start":{"line":80,"column":0},"end":{"line":80,"column":67}},"80":{"start":{"line":81,"column":0},"end":{"line":81,"column":69}},"81":{"start":{"line":82,"column":0},"end":{"line":82,"column":3}},"82":{"start":{"line":83,"column":0},"end":{"line":83,"column":59}},"83":{"start":{"line":84,"column":0},"end":{"line":84,"column":62}},"84":{"start":{"line":85,"column":0},"end":{"line":85,"column":3}},"85":{"start":{"line":86,"column":0},"end":{"line":86,"column":61}},"86":{"start":{"line":87,"column":0},"end":{"line":87,"column":64}},"87":{"start":{"line":88,"column":0},"end":{"line":88,"column":3}},"88":{"start":{"line":89,"column":0},"end":{"line":89,"column":51}},"89":{"start":{"line":90,"column":0},"end":{"line":90,"column":78}},"90":{"start":{"line":91,"column":0},"end":{"line":91,"column":3}},"91":{"start":{"line":92,"column":0},"end":{"line":92,"column":47}},"92":{"start":{"line":93,"column":0},"end":{"line":93,"column":74}},"93":{"start":{"line":94,"column":0},"end":{"line":94,"column":3}},"94":{"start":{"line":95,"column":0},"end":{"line":95,"column":55}},"95":{"start":{"line":96,"column":0},"end":{"line":96,"column":57}},"96":{"start":{"line":97,"column":0},"end":{"line":97,"column":3}},"97":{"start":{"line":98,"column":0},"end":{"line":98,"column":1}},"104":{"start":{"line":105,"column":0},"end":{"line":105,"column":84}},"105":{"start":{"line":106,"column":0},"end":{"line":106,"column":69}},"106":{"start":{"line":107,"column":0},"end":{"line":107,"column":71}},"107":{"start":{"line":108,"column":0},"end":{"line":108,"column":3}},"108":{"start":{"line":109,"column":0},"end":{"line":109,"column":47}},"109":{"start":{"line":110,"column":0},"end":{"line":110,"column":50}},"110":{"start":{"line":111,"column":0},"end":{"line":111,"column":3}},"111":{"start":{"line":112,"column":0},"end":{"line":112,"column":63}},"112":{"start":{"line":113,"column":0},"end":{"line":113,"column":90}},"113":{"start":{"line":114,"column":0},"end":{"line":114,"column":3}},"114":{"start":{"line":115,"column":0},"end":{"line":115,"column":53}},"115":{"start":{"line":116,"column":0},"end":{"line":116,"column":55}},"116":{"start":{"line":117,"column":0},"end":{"line":117,"column":3}},"117":{"start":{"line":118,"column":0},"end":{"line":118,"column":1}},"124":{"start":{"line":125,"column":0},"end":{"line":125,"column":79}},"125":{"start":{"line":126,"column":0},"end":{"line":126,"column":52}},"126":{"start":{"line":127,"column":0},"end":{"line":127,"column":48}},"127":{"start":{"line":128,"column":0},"end":{"line":128,"column":53}},"128":{"start":{"line":129,"column":0},"end":{"line":129,"column":48}},"129":{"start":{"line":130,"column":0},"end":{"line":130,"column":1}},"136":{"start":{"line":137,"column":0},"end":{"line":137,"column":50}},"137":{"start":{"line":138,"column":0},"end":{"line":138,"column":47}},"139":{"start":{"line":140,"column":0},"end":{"line":140,"column":59}},"140":{"start":{"line":141,"column":0},"end":{"line":141,"column":66}},"141":{"start":{"line":142,"column":0},"end":{"line":142,"column":21}},"142":{"start":{"line":143,"column":0},"end":{"line":143,"column":47}},"143":{"start":{"line":144,"column":0},"end":{"line":144,"column":5}},"144":{"start":{"line":145,"column":0},"end":{"line":145,"column":5}},"146":{"start":{"line":147,"column":0},"end":{"line":147,"column":38}},"147":{"start":{"line":148,"column":0},"end":{"line":148,"column":44}},"148":{"start":{"line":149,"column":0},"end":{"line":149,"column":1}}},"s":{"1":1,"3":1,"4":1,"5":1,"13":1,"14":1,"15":1,"16":1,"23":1,"24":1,"25":1,"26":1,"27":1,"28":1,"35":2,"36":2,"37":1,"38":1,"39":2,"40":1,"41":1,"42":2,"43":2,"44":2,"45":2,"52":2,"53":2,"54":2,"55":2,"56":2,"57":2,"58":2,"59":2,"60":2,"61":2,"62":2,"63":1,"64":1,"65":2,"72":2,"73":2,"74":2,"75":2,"76":2,"77":1,"78":1,"79":2,"80":1,"81":1,"82":2,"83":2,"84":2,"85":2,"86":2,"87":2,"88":2,"89":1,"90":1,"91":2,"92":1,"93":1,"94":2,"95":1,"96":1,"97":2,"104":2,"105":2,"106":1,"107":1,"108":2,"109":2,"110":2,"111":2,"112":1,"113":1,"114":2,"115":1,"116":1,"117":2,"124":2,"125":2,"126":2,"127":2,"128":2,"129":2,"136":1,"137":3,"139":3,"140":3,"141":3,"142":2,"143":2,"144":3,"146":3,"147":3,"148":3},"branchMap":{"0":{"type":"branch","line":14,"loc":{"start":{"line":14,"column":7},"end":{"line":17,"column":1}},"locations":[{"start":{"line":14,"column":7},"end":{"line":17,"column":1}}]},"1":{"type":"branch","line":16,"loc":{"start":{"line":16,"column":48},"end":{"line":16,"column":84}},"locations":[{"start":{"line":16,"column":48},"end":{"line":16,"column":84}}]},"2":{"type":"branch","line":24,"loc":{"start":{"line":24,"column":7},"end":{"line":29,"column":1}},"locations":[{"start":{"line":24,"column":7},"end":{"line":29,"column":1}}]},"3":{"type":"branch","line":36,"loc":{"start":{"line":36,"column":0},"end":{"line":46,"column":1}},"locations":[{"start":{"line":36,"column":0},"end":{"line":46,"column":1}}]},"4":{"type":"branch","line":37,"loc":{"start":{"line":37,"column":40},"end":{"line":39,"column":3}},"locations":[{"start":{"line":37,"column":40},"end":{"line":39,"column":3}}]},"5":{"type":"branch","line":40,"loc":{"start":{"line":40,"column":40},"end":{"line":42,"column":3}},"locations":[{"start":{"line":40,"column":40},"end":{"line":42,"column":3}}]},"6":{"type":"branch","line":53,"loc":{"start":{"line":53,"column":0},"end":{"line":66,"column":1}},"locations":[{"start":{"line":53,"column":0},"end":{"line":66,"column":1}}]},"7":{"type":"branch","line":55,"loc":{"start":{"line":55,"column":41},"end":{"line":55,"column":62}},"locations":[{"start":{"line":55,"column":41},"end":{"line":55,"column":62}}]},"8":{"type":"branch","line":58,"loc":{"start":{"line":58,"column":43},"end":{"line":58,"column":66}},"locations":[{"start":{"line":58,"column":43},"end":{"line":58,"column":66}}]},"9":{"type":"branch","line":61,"loc":{"start":{"line":61,"column":47},"end":{"line":61,"column":74}},"locations":[{"start":{"line":61,"column":47},"end":{"line":61,"column":74}}]},"10":{"type":"branch","line":63,"loc":{"start":{"line":63,"column":68},"end":{"line":65,"column":3}},"locations":[{"start":{"line":63,"column":68},"end":{"line":65,"column":3}}]},"11":{"type":"branch","line":73,"loc":{"start":{"line":73,"column":0},"end":{"line":98,"column":1}},"locations":[{"start":{"line":73,"column":0},"end":{"line":98,"column":1}}]},"12":{"type":"branch","line":75,"loc":{"start":{"line":75,"column":38},"end":{"line":75,"column":57}},"locations":[{"start":{"line":75,"column":38},"end":{"line":75,"column":57}}]},"13":{"type":"branch","line":77,"loc":{"start":{"line":77,"column":60},"end":{"line":79,"column":3}},"locations":[{"start":{"line":77,"column":60},"end":{"line":79,"column":3}}]},"14":{"type":"branch","line":80,"loc":{"start":{"line":80,"column":66},"end":{"line":82,"column":3}},"locations":[{"start":{"line":80,"column":66},"end":{"line":82,"column":3}}]},"15":{"type":"branch","line":89,"loc":{"start":{"line":89,"column":50},"end":{"line":91,"column":3}},"locations":[{"start":{"line":89,"column":50},"end":{"line":91,"column":3}}]},"16":{"type":"branch","line":92,"loc":{"start":{"line":92,"column":46},"end":{"line":94,"column":3}},"locations":[{"start":{"line":92,"column":46},"end":{"line":94,"column":3}}]},"17":{"type":"branch","line":95,"loc":{"start":{"line":95,"column":54},"end":{"line":97,"column":3}},"locations":[{"start":{"line":95,"column":54},"end":{"line":97,"column":3}}]},"18":{"type":"branch","line":105,"loc":{"start":{"line":105,"column":0},"end":{"line":118,"column":1}},"locations":[{"start":{"line":105,"column":0},"end":{"line":118,"column":1}}]},"19":{"type":"branch","line":106,"loc":{"start":{"line":106,"column":68},"end":{"line":108,"column":3}},"locations":[{"start":{"line":106,"column":68},"end":{"line":108,"column":3}}]},"20":{"type":"branch","line":112,"loc":{"start":{"line":112,"column":62},"end":{"line":114,"column":3}},"locations":[{"start":{"line":112,"column":62},"end":{"line":114,"column":3}}]},"21":{"type":"branch","line":115,"loc":{"start":{"line":115,"column":52},"end":{"line":117,"column":3}},"locations":[{"start":{"line":115,"column":52},"end":{"line":117,"column":3}}]},"22":{"type":"branch","line":125,"loc":{"start":{"line":125,"column":0},"end":{"line":130,"column":1}},"locations":[{"start":{"line":125,"column":0},"end":{"line":130,"column":1}}]},"23":{"type":"branch","line":137,"loc":{"start":{"line":137,"column":7},"end":{"line":149,"column":1}},"locations":[{"start":{"line":137,"column":7},"end":{"line":149,"column":1}}]},"24":{"type":"branch","line":140,"loc":{"start":{"line":140,"column":45},"end":{"line":145,"column":3}},"locations":[{"start":{"line":140,"column":45},"end":{"line":145,"column":3}}]},"25":{"type":"branch","line":142,"loc":{"start":{"line":142,"column":20},"end":{"line":144,"column":5}},"locations":[{"start":{"line":142,"column":20},"end":{"line":144,"column":5}}]},"26":{"type":"branch","line":141,"loc":{"start":{"line":141,"column":38},"end":{"line":141,"column":64}},"locations":[{"start":{"line":141,"column":38},"end":{"line":141,"column":64}}]}},"b":{"0":[1],"1":[2],"2":[1],"3":[2],"4":[1],"5":[1],"6":[2],"7":[1],"8":[1],"9":[1],"10":[1],"11":[2],"12":[1],"13":[1],"14":[1],"15":[1],"16":[1],"17":[1],"18":[2],"19":[1],"20":[1],"21":[1],"22":[2],"23":[3],"24":[3],"25":[2],"26":[2]},"fnMap":{"0":{"name":"getSimpleAccounts","decl":{"start":{"line":14,"column":7},"end":{"line":17,"column":1}},"loc":{"start":{"line":14,"column":7},"end":{"line":17,"column":1}},"line":14},"1":{"name":"addAccount","decl":{"start":{"line":24,"column":7},"end":{"line":29,"column":1}},"loc":{"start":{"line":24,"column":7},"end":{"line":29,"column":1}},"line":24},"2":{"name":"updateBasicAccountProperties","decl":{"start":{"line":36,"column":0},"end":{"line":46,"column":1}},"loc":{"start":{"line":36,"column":0},"end":{"line":46,"column":1}},"line":36},"3":{"name":"updateAccountTaxSettings","decl":{"start":{"line":53,"column":0},"end":{"line":66,"column":1}},"loc":{"start":{"line":53,"column":0},"end":{"line":66,"column":1}},"line":53},"4":{"name":"updateAccountPullPushSettings","decl":{"start":{"line":73,"column":0},"end":{"line":98,"column":1}},"loc":{"start":{"line":73,"column":0},"end":{"line":98,"column":1}},"line":73},"5":{"name":"updateRetirementSettings","decl":{"start":{"line":105,"column":0},"end":{"line":118,"column":1}},"loc":{"start":{"line":105,"column":0},"end":{"line":118,"column":1}},"line":105},"6":{"name":"updateSingleAccount","decl":{"start":{"line":125,"column":0},"end":{"line":130,"column":1}},"loc":{"start":{"line":125,"column":0},"end":{"line":130,"column":1}},"line":125},"7":{"name":"updateAccounts","decl":{"start":{"line":137,"column":7},"end":{"line":149,"column":1}},"loc":{"start":{"line":137,"column":7},"end":{"line":149,"column":1}},"line":137}},"f":{"0":1,"1":1,"2":2,"3":2,"4":2,"5":2,"6":2,"7":3}}
,"/home/jakekausler/programs/billsV2Dev/Bills-Node-Server/src/api/accounts/graph.ts": {"path":"/home/jakekausler/programs/billsV2Dev/Bills-Node-Server/src/api/accounts/graph.ts","all":false,"statementMap":{"1":{"start":{"line":2,"column":0},"end":{"line":2,"column":74}},"2":{"start":{"line":3,"column":0},"end":{"line":3,"column":50}},"4":{"start":{"line":5,"column":0},"end":{"line":5,"column":52}},"12":{"start":{"line":13,"column":0},"end":{"line":13,"column":51}},"13":{"start":{"line":14,"column":0},"end":{"line":14,"column":32}},"14":{"start":{"line":15,"column":0},"end":{"line":15,"column":97}},"15":{"start":{"line":16,"column":0},"end":{"line":16,"column":114}},"16":{"start":{"line":17,"column":0},"end":{"line":17,"column":1}},"23":{"start":{"line":24,"column":0},"end":{"line":24,"column":55}},"24":{"start":{"line":25,"column":0},"end":{"line":25,"column":75}},"25":{"start":{"line":26,"column":0},"end":{"line":26,"column":57}},"27":{"start":{"line":28,"column":0},"end":{"line":28,"column":49}},"28":{"start":{"line":29,"column":0},"end":{"line":29,"column":42}},"29":{"start":{"line":30,"column":0},"end":{"line":30,"column":34}},"30":{"start":{"line":31,"column":0},"end":{"line":31,"column":51}},"33":{"start":{"line":34,"column":0},"end":{"line":34,"column":48}},"34":{"start":{"line":35,"column":0},"end":{"line":35,"column":116}},"35":{"start":{"line":36,"column":0},"end":{"line":36,"column":89}},"37":{"start":{"line":38,"column":0},"end":{"line":38,"column":45}},"38":{"start":{"line":39,"column":0},"end":{"line":39,"column":59}},"39":{"start":{"line":40,"column":0},"end":{"line":40,"column":21}},"40":{"start":{"line":41,"column":0},"end":{"line":41,"column":19}},"41":{"start":{"line":42,"column":0},"end":{"line":42,"column":6}},"42":{"start":{"line":43,"column":0},"end":{"line":43,"column":3}},"44":{"start":{"line":45,"column":0},"end":{"line":45,"column":26}},"45":{"start":{"line":46,"column":0},"end":{"line":46,"column":1}}},"s":{"1":1,"2":1,"4":1,"12":1,"13":2,"14":2,"15":2,"16":2,"23":1,"24":7,"25":7,"27":7,"28":9,"29":9,"30":9,"33":9,"34":1,"35":8,"37":9,"38":9,"39":9,"40":9,"41":9,"42":9,"44":7,"45":7},"branchMap":{"0":{"type":"branch","line":13,"loc":{"start":{"line":13,"column":7},"end":{"line":17,"column":1}},"locations":[{"start":{"line":13,"column":7},"end":{"line":17,"column":1}}]},"1":{"type":"branch","line":24,"loc":{"start":{"line":24,"column":7},"end":{"line":46,"column":1}},"locations":[{"start":{"line":24,"column":7},"end":{"line":46,"column":1}}]},"2":{"type":"branch","line":28,"loc":{"start":{"line":28,"column":48},"end":{"line":43,"column":3}},"locations":[{"start":{"line":28,"column":48},"end":{"line":43,"column":3}}]},"3":{"type":"branch","line":34,"loc":{"start":{"line":34,"column":47},"end":{"line":35,"column":116}},"locations":[{"start":{"line":34,"column":47},"end":{"line":35,"column":116}}]},"4":{"type":"branch","line":35,"loc":{"start":{"line":35,"column":115},"end":{"line":36,"column":89}},"locations":[{"start":{"line":35,"column":115},"end":{"line":36,"column":89}}]},"5":{"type":"branch","line":35,"loc":{"start":{"line":35,"column":29},"end":{"line":35,"column":115}},"locations":[{"start":{"line":35,"column":29},"end":{"line":35,"column":115}}]},"6":{"type":"branch","line":36,"loc":{"start":{"line":36,"column":50},"end":{"line":36,"column":87}},"locations":[{"start":{"line":36,"column":50},"end":{"line":36,"column":87}}]}},"b":{"0":[2],"1":[7],"2":[9],"3":[1],"4":[8],"5":[2],"6":[9]},"fnMap":{"0":{"name":"getAccountGraph","decl":{"start":{"line":13,"column":7},"end":{"line":17,"column":1}},"loc":{"start":{"line":13,"column":7},"end":{"line":17,"column":1}},"line":13},"1":{"name":"getGraphForAccounts","decl":{"start":{"line":24,"column":7},"end":{"line":46,"column":1}},"loc":{"start":{"line":24,"column":7},"end":{"line":46,"column":1}},"line":24}},"f":{"0":2,"1":7}}
,"/home/jakekausler/programs/billsV2Dev/Bills-Node-Server/src/api/accounts/todayBalance.ts": {"path":"/home/jakekausler/programs/billsV2Dev/Bills-Node-Server/src/api/accounts/todayBalance.ts","all":false,"statementMap":{"1":{"start":{"line":2,"column":0},"end":{"line":2,"column":50}},"2":{"start":{"line":3,"column":0},"end":{"line":3,"column":50}},"3":{"start":{"line":4,"column":0},"end":{"line":4,"column":58}},"15":{"start":{"line":16,"column":0},"end":{"line":16,"column":51}},"16":{"start":{"line":17,"column":0},"end":{"line":17,"column":32}},"17":{"start":{"line":18,"column":0},"end":{"line":18,"column":97}},"18":{"start":{"line":19,"column":0},"end":{"line":19,"column":31}},"19":{"start":{"line":20,"column":0},"end":{"line":20,"column":1}}},"s":{"1":1,"2":1,"3":1,"15":1,"16":5,"17":5,"18":5,"19":5},"branchMap":{"0":{"type":"branch","line":16,"loc":{"start":{"line":16,"column":7},"end":{"line":20,"column":1}},"locations":[{"start":{"line":16,"column":7},"end":{"line":20,"column":1}}]}},"b":{"0":[5]},"fnMap":{"0":{"name":"getTodayBalance","decl":{"start":{"line":16,"column":7},"end":{"line":20,"column":1}},"loc":{"start":{"line":16,"column":7},"end":{"line":20,"column":1}},"line":16}},"f":{"0":5}}
,"/home/jakekausler/programs/billsV2Dev/Bills-Node-Server/src/api/accounts/activity/activity.ts": {"path":"/home/jakekausler/programs/billsV2Dev/Bills-Node-Server/src/api/accounts/activity/activity.ts","all":false,"statementMap":{"1":{"start":{"line":2,"column":0},"end":{"line":2,"column":53}},"3":{"start":{"line":4,"column":0},"end":{"line":4,"column":53}},"4":{"start":{"line":5,"column":0},"end":{"line":5,"column":59}},"6":{"start":{"line":7,"column":0},"end":{"line":7,"column":66}},"13":{"start":{"line":14,"column":0},"end":{"line":14,"column":54}},"14":{"start":{"line":15,"column":0},"end":{"line":15,"column":32}},"15":{"start":{"line":16,"column":0},"end":{"line":16,"column":97}},"16":{"start":{"line":17,"column":0},"end":{"line":17,"column":66}},"17":{"start":{"line":18,"column":0},"end":{"line":18,"column":1}},"24":{"start":{"line":25,"column":0},"end":{"line":25,"column":47}},"25":{"start":{"line":26,"column":0},"end":{"line":26,"column":46}},"26":{"start":{"line":27,"column":0},"end":{"line":27,"column":60}},"27":{"start":{"line":28,"column":0},"end":{"line":28,"column":29}},"28":{"start":{"line":29,"column":0},"end":{"line":29,"column":64}},"29":{"start":{"line":30,"column":0},"end":{"line":30,"column":10}},"30":{"start":{"line":31,"column":0},"end":{"line":31,"column":99}},"31":{"start":{"line":32,"column":0},"end":{"line":32,"column":36}},"32":{"start":{"line":33,"column":0},"end":{"line":33,"column":3}},"33":{"start":{"line":34,"column":0},"end":{"line":34,"column":38}},"34":{"start":{"line":35,"column":0},"end":{"line":35,"column":21}},"35":{"start":{"line":36,"column":0},"end":{"line":36,"column":1}}},"s":{"1":1,"3":1,"4":1,"6":1,"13":1,"14":2,"15":2,"16":2,"17":2,"24":1,"25":2,"26":2,"27":2,"28":1,"29":1,"30":1,"31":1,"32":1,"33":2,"34":2,"35":2},"branchMap":{"0":{"type":"branch","line":14,"loc":{"start":{"line":14,"column":7},"end":{"line":18,"column":1}},"locations":[{"start":{"line":14,"column":7},"end":{"line":18,"column":1}}]},"1":{"type":"branch","line":17,"loc":{"start":{"line":17,"column":30},"end":{"line":17,"column":64}},"locations":[{"start":{"line":17,"column":30},"end":{"line":17,"column":64}}]},"2":{"type":"branch","line":25,"loc":{"start":{"line":25,"column":7},"end":{"line":36,"column":1}},"locations":[{"start":{"line":25,"column":7},"end":{"line":36,"column":1}}]},"3":{"type":"branch","line":28,"loc":{"start":{"line":28,"column":28},"end":{"line":33,"column":3}},"locations":[{"start":{"line":28,"column":28},"end":{"line":33,"column":3}}]}},"b":{"0":[2],"1":[1],"2":[2],"3":[1]},"fnMap":{"0":{"name":"getAccountActivity","decl":{"start":{"line":14,"column":7},"end":{"line":18,"column":1}},"loc":{"start":{"line":14,"column":7},"end":{"line":18,"column":1}},"line":14},"1":{"name":"addActivity","decl":{"start":{"line":25,"column":7},"end":{"line":36,"column":1}},"loc":{"start":{"line":25,"column":7},"end":{"line":36,"column":1}},"line":25}},"f":{"0":2,"1":2}}
,"/home/jakekausler/programs/billsV2Dev/Bills-Node-Server/src/api/accounts/activity/specificActivity.ts": {"path":"/home/jakekausler/programs/billsV2Dev/Bills-Node-Server/src/api/accounts/activity/specificActivity.ts","all":false,"statementMap":{"1":{"start":{"line":2,"column":0},"end":{"line":2,"column":53}},"2":{"start":{"line":3,"column":0},"end":{"line":3,"column":69}},"6":{"start":{"line":7,"column":0},"end":{"line":7,"column":53}},"7":{"start":{"line":8,"column":0},"end":{"line":8,"column":66}},"15":{"start":{"line":16,"column":0},"end":{"line":16,"column":55}},"16":{"start":{"line":17,"column":0},"end":{"line":17,"column":32}},"17":{"start":{"line":18,"column":0},"end":{"line":18,"column":24}},"18":{"start":{"line":19,"column":0},"end":{"line":19,"column":102}},"19":{"start":{"line":20,"column":0},"end":{"line":20,"column":10}},"20":{"start":{"line":21,"column":0},"end":{"line":21,"column":99}},"21":{"start":{"line":22,"column":0},"end":{"line":22,"column":74}},"22":{"start":{"line":23,"column":0},"end":{"line":23,"column":3}},"23":{"start":{"line":24,"column":0},"end":{"line":24,"column":1}},"34":{"start":{"line":35,"column":0},"end":{"line":35,"column":58}},"35":{"start":{"line":36,"column":0},"end":{"line":36,"column":46}},"36":{"start":{"line":37,"column":0},"end":{"line":37,"column":25}},"37":{"start":{"line":38,"column":0},"end":{"line":38,"column":26}},"38":{"start":{"line":39,"column":0},"end":{"line":39,"column":33}},"39":{"start":{"line":40,"column":0},"end":{"line":40,"column":24}},"41":{"start":{"line":42,"column":0},"end":{"line":42,"column":9}},"42":{"start":{"line":43,"column":0},"end":{"line":43,"column":71}},"43":{"start":{"line":44,"column":0},"end":{"line":44,"column":53}},"44":{"start":{"line":45,"column":0},"end":{"line":45,"column":34}},"45":{"start":{"line":46,"column":0},"end":{"line":46,"column":9}},"46":{"start":{"line":47,"column":0},"end":{"line":47,"column":32}},"47":{"start":{"line":48,"column":0},"end":{"line":48,"column":13}},"48":{"start":{"line":49,"column":0},"end":{"line":49,"column":101}},"49":{"start":{"line":50,"column":0},"end":{"line":50,"column":117}},"50":{"start":{"line":51,"column":0},"end":{"line":51,"column":33}},"51":{"start":{"line":52,"column":0},"end":{"line":52,"column":5}},"52":{"start":{"line":53,"column":0},"end":{"line":53,"column":10}},"54":{"start":{"line":55,"column":0},"end":{"line":55,"column":9}},"55":{"start":{"line":56,"column":0},"end":{"line":56,"column":71}},"56":{"start":{"line":57,"column":0},"end":{"line":57,"column":96}},"57":{"start":{"line":58,"column":0},"end":{"line":58,"column":34}},"58":{"start":{"line":59,"column":0},"end":{"line":59,"column":9}},"59":{"start":{"line":60,"column":0},"end":{"line":60,"column":33}},"60":{"start":{"line":61,"column":0},"end":{"line":61,"column":13}},"61":{"start":{"line":62,"column":0},"end":{"line":62,"column":71}},"62":{"start":{"line":63,"column":0},"end":{"line":63,"column":53}},"63":{"start":{"line":64,"column":0},"end":{"line":64,"column":34}},"64":{"start":{"line":65,"column":0},"end":{"line":65,"column":9}},"65":{"start":{"line":66,"column":0},"end":{"line":66,"column":32}},"66":{"start":{"line":67,"column":0},"end":{"line":67,"column":5}},"67":{"start":{"line":68,"column":0},"end":{"line":68,"column":3}},"69":{"start":{"line":70,"column":0},"end":{"line":70,"column":33}},"70":{"start":{"line":71,"column":0},"end":{"line":71,"column":44}},"71":{"start":{"line":72,"column":0},"end":{"line":72,"column":53}},"72":{"start":{"line":73,"column":0},"end":{"line":73,"column":49}},"73":{"start":{"line":74,"column":0},"end":{"line":74,"column":41}},"74":{"start":{"line":75,"column":0},"end":{"line":75,"column":57}},"75":{"start":{"line":76,"column":0},"end":{"line":76,"column":37}},"76":{"start":{"line":77,"column":0},"end":{"line":77,"column":53}},"77":{"start":{"line":78,"column":0},"end":{"line":78,"column":33}},"78":{"start":{"line":79,"column":0},"end":{"line":79,"column":43}},"79":{"start":{"line":80,"column":0},"end":{"line":80,"column":45}},"80":{"start":{"line":81,"column":0},"end":{"line":81,"column":28}},"81":{"start":{"line":82,"column":0},"end":{"line":82,"column":34}},"82":{"start":{"line":83,"column":0},"end":{"line":83,"column":31}},"83":{"start":{"line":84,"column":0},"end":{"line":84,"column":3}},"85":{"start":{"line":86,"column":0},"end":{"line":86,"column":51}},"87":{"start":{"line":88,"column":0},"end":{"line":88,"column":107}},"88":{"start":{"line":89,"column":0},"end":{"line":89,"column":72}},"89":{"start":{"line":90,"column":0},"end":{"line":90,"column":58}},"91":{"start":{"line":92,"column":0},"end":{"line":92,"column":115}},"92":{"start":{"line":93,"column":0},"end":{"line":93,"column":64}},"93":{"start":{"line":94,"column":0},"end":{"line":94,"column":3}},"95":{"start":{"line":96,"column":0},"end":{"line":96,"column":38}},"97":{"start":{"line":98,"column":0},"end":{"line":98,"column":21}},"98":{"start":{"line":99,"column":0},"end":{"line":99,"column":1}},"106":{"start":{"line":107,"column":0},"end":{"line":107,"column":58}},"107":{"start":{"line":108,"column":0},"end":{"line":108,"column":32}},"108":{"start":{"line":109,"column":0},"end":{"line":109,"column":25}},"109":{"start":{"line":110,"column":0},"end":{"line":110,"column":26}},"110":{"start":{"line":111,"column":0},"end":{"line":111,"column":24}},"111":{"start":{"line":112,"column":0},"end":{"line":112,"column":69}},"112":{"start":{"line":113,"column":0},"end":{"line":113,"column":51}},"113":{"start":{"line":114,"column":0},"end":{"line":114,"column":32}},"114":{"start":{"line":115,"column":0},"end":{"line":115,"column":7}},"115":{"start":{"line":116,"column":0},"end":{"line":116,"column":10}},"116":{"start":{"line":117,"column":0},"end":{"line":117,"column":99}},"117":{"start":{"line":118,"column":0},"end":{"line":118,"column":115}},"118":{"start":{"line":119,"column":0},"end":{"line":119,"column":3}},"120":{"start":{"line":121,"column":0},"end":{"line":121,"column":24}},"121":{"start":{"line":122,"column":0},"end":{"line":122,"column":72}},"122":{"start":{"line":123,"column":0},"end":{"line":123,"column":10}},"123":{"start":{"line":124,"column":0},"end":{"line":124,"column":115}},"124":{"start":{"line":125,"column":0},"end":{"line":125,"column":3}},"126":{"start":{"line":127,"column":0},"end":{"line":127,"column":38}},"128":{"start":{"line":129,"column":0},"end":{"line":129,"column":21}},"129":{"start":{"line":130,"column":0},"end":{"line":130,"column":1}},"140":{"start":{"line":141,"column":0},"end":{"line":141,"column":60}},"141":{"start":{"line":142,"column":0},"end":{"line":142,"column":32}},"142":{"start":{"line":143,"column":0},"end":{"line":143,"column":100}},"143":{"start":{"line":144,"column":0},"end":{"line":144,"column":25}},"145":{"start":{"line":146,"column":0},"end":{"line":146,"column":24}},"146":{"start":{"line":147,"column":0},"end":{"line":147,"column":106}},"147":{"start":{"line":148,"column":0},"end":{"line":148,"column":10}},"148":{"start":{"line":149,"column":0},"end":{"line":149,"column":81}},"149":{"start":{"line":150,"column":0},"end":{"line":150,"column":3}},"151":{"start":{"line":152,"column":0},"end":{"line":152,"column":103}},"152":{"start":{"line":153,"column":0},"end":{"line":153,"column":24}},"153":{"start":{"line":154,"column":0},"end":{"line":154,"column":35}},"154":{"start":{"line":155,"column":0},"end":{"line":155,"column":10}},"155":{"start":{"line":156,"column":0},"end":{"line":156,"column":82}},"156":{"start":{"line":157,"column":0},"end":{"line":157,"column":39}},"157":{"start":{"line":158,"column":0},"end":{"line":158,"column":3}},"158":{"start":{"line":159,"column":0},"end":{"line":159,"column":38}},"159":{"start":{"line":160,"column":0},"end":{"line":160,"column":21}},"160":{"start":{"line":161,"column":0},"end":{"line":161,"column":1}}},"s":{"1":1,"2":1,"6":1,"7":1,"15":1,"16":2,"17":2,"18":1,"19":1,"20":1,"21":1,"22":1,"23":2,"34":1,"35":4,"36":4,"37":4,"38":4,"39":4,"41":2,"42":2,"43":2,"44":2,"45":2,"46":2,"47":2,"48":0,"49":0,"50":0,"51":0,"52":2,"54":2,"55":2,"56":2,"57":2,"58":2,"59":2,"60":2,"61":0,"62":0,"63":0,"64":0,"65":0,"66":0,"67":2,"69":4,"70":4,"71":4,"72":4,"73":4,"74":4,"75":4,"76":4,"77":4,"78":4,"79":4,"80":4,"81":2,"82":2,"83":2,"85":4,"87":1,"88":1,"89":4,"91":1,"92":1,"93":1,"95":4,"97":4,"98":4,"106":1,"107":2,"108":2,"109":2,"110":2,"111":1,"112":1,"113":1,"114":1,"115":1,"116":1,"117":1,"118":1,"120":2,"121":1,"122":1,"123":1,"124":1,"126":2,"128":2,"129":2,"140":1,"141":2,"142":2,"143":2,"145":2,"146":1,"147":1,"148":1,"149":1,"151":2,"152":2,"153":1,"154":1,"155":1,"156":1,"157":1,"158":2,"159":2,"160":2},"branchMap":{"0":{"type":"branch","line":16,"loc":{"start":{"line":16,"column":7},"end":{"line":24,"column":1}},"locations":[{"start":{"line":16,"column":7},"end":{"line":24,"column":1}}]},"1":{"type":"branch","line":18,"loc":{"start":{"line":18,"column":23},"end":{"line":23,"column":3}},"locations":[{"start":{"line":18,"column":23},"end":{"line":23,"column":3}}]},"2":{"type":"branch","line":35,"loc":{"start":{"line":35,"column":7},"end":{"line":99,"column":1}},"locations":[{"start":{"line":35,"column":7},"end":{"line":99,"column":1}}]},"3":{"type":"branch","line":40,"loc":{"start":{"line":40,"column":23},"end":{"line":68,"column":3}},"locations":[{"start":{"line":40,"column":23},"end":{"line":68,"column":3}}]},"4":{"type":"branch","line":48,"loc":{"start":{"line":48,"column":4},"end":{"line":52,"column":5}},"locations":[{"start":{"line":48,"column":4},"end":{"line":52,"column":5}}]},"5":{"type":"branch","line":61,"loc":{"start":{"line":61,"column":4},"end":{"line":67,"column":5}},"locations":[{"start":{"line":61,"column":4},"end":{"line":67,"column":5}}]},"6":{"type":"branch","line":81,"loc":{"start":{"line":81,"column":27},"end":{"line":84,"column":3}},"locations":[{"start":{"line":81,"column":27},"end":{"line":84,"column":3}}]},"7":{"type":"branch","line":86,"loc":{"start":{"line":86,"column":16},"end":{"line":86,"column":50}},"locations":[{"start":{"line":86,"column":16},"end":{"line":86,"column":50}}]},"8":{"type":"branch","line":86,"loc":{"start":{"line":86,"column":50},"end":{"line":90,"column":13}},"locations":[{"start":{"line":86,"column":50},"end":{"line":90,"column":13}}]},"9":{"type":"branch","line":90,"loc":{"start":{"line":90,"column":2},"end":{"line":94,"column":3}},"locations":[{"start":{"line":90,"column":2},"end":{"line":94,"column":3}}]},"10":{"type":"branch","line":90,"loc":{"start":{"line":90,"column":22},"end":{"line":90,"column":57}},"locations":[{"start":{"line":90,"column":22},"end":{"line":90,"column":57}}]},"11":{"type":"branch","line":90,"loc":{"start":{"line":90,"column":57},"end":{"line":94,"column":3}},"locations":[{"start":{"line":90,"column":57},"end":{"line":94,"column":3}}]},"12":{"type":"branch","line":107,"loc":{"start":{"line":107,"column":7},"end":{"line":130,"column":1}},"locations":[{"start":{"line":107,"column":7},"end":{"line":130,"column":1}}]},"13":{"type":"branch","line":111,"loc":{"start":{"line":111,"column":23},"end":{"line":119,"column":3}},"locations":[{"start":{"line":111,"column":23},"end":{"line":119,"column":3}}]},"14":{"type":"branch","line":121,"loc":{"start":{"line":121,"column":23},"end":{"line":125,"column":3}},"locations":[{"start":{"line":121,"column":23},"end":{"line":125,"column":3}}]},"15":{"type":"branch","line":141,"loc":{"start":{"line":141,"column":7},"end":{"line":161,"column":1}},"locations":[{"start":{"line":141,"column":7},"end":{"line":161,"column":1}}]},"16":{"type":"branch","line":146,"loc":{"start":{"line":146,"column":23},"end":{"line":150,"column":3}},"locations":[{"start":{"line":146,"column":23},"end":{"line":150,"column":3}}]},"17":{"type":"branch","line":153,"loc":{"start":{"line":153,"column":23},"end":{"line":158,"column":3}},"locations":[{"start":{"line":153,"column":23},"end":{"line":158,"column":3}}]},"18":{"type":"branch","line":156,"loc":{"start":{"line":156,"column":53},"end":{"line":156,"column":80}},"locations":[{"start":{"line":156,"column":53},"end":{"line":156,"column":80}}]}},"b":{"0":[2],"1":[1],"2":[4],"3":[2],"4":[0],"5":[0],"6":[2],"7":[2],"8":[1],"9":[3],"10":[2],"11":[1],"12":[2],"13":[1],"14":[1],"15":[2],"16":[1],"17":[1],"18":[1]},"fnMap":{"0":{"name":"getSpecificActivity","decl":{"start":{"line":16,"column":7},"end":{"line":24,"column":1}},"loc":{"start":{"line":16,"column":7},"end":{"line":24,"column":1}},"line":16},"1":{"name":"updateSpecificActivity","decl":{"start":{"line":35,"column":7},"end":{"line":99,"column":1}},"loc":{"start":{"line":35,"column":7},"end":{"line":99,"column":1}},"line":35},"2":{"name":"deleteSpecificActivity","decl":{"start":{"line":107,"column":7},"end":{"line":130,"column":1}},"loc":{"start":{"line":107,"column":7},"end":{"line":130,"column":1}},"line":107},"3":{"name":"changeAccountForActivity","decl":{"start":{"line":141,"column":7},"end":{"line":161,"column":1}},"loc":{"start":{"line":141,"column":7},"end":{"line":161,"column":1}},"line":141}},"f":{"0":2,"1":4,"2":2,"3":2}}
,"/home/jakekausler/programs/billsV2Dev/Bills-Node-Server/src/api/accounts/bills/bill.ts": {"path":"/home/jakekausler/programs/billsV2Dev/Bills-Node-Server/src/api/accounts/bills/bill.ts","all":true,"statementMap":{"1":{"start":{"line":2,"column":0},"end":{"line":2,"column":53}},"2":{"start":{"line":3,"column":0},"end":{"line":3,"column":69}},"4":{"start":{"line":5,"column":0},"end":{"line":5,"column":59}},"6":{"start":{"line":7,"column":0},"end":{"line":7,"column":66}},"8":{"start":{"line":9,"column":0},"end":{"line":9,"column":53}},"9":{"start":{"line":10,"column":0},"end":{"line":10,"column":66}},"11":{"start":{"line":12,"column":0},"end":{"line":12,"column":51}},"12":{"start":{"line":13,"column":0},"end":{"line":13,"column":32}},"13":{"start":{"line":14,"column":0},"end":{"line":14,"column":24}},"14":{"start":{"line":15,"column":0},"end":{"line":15,"column":38}},"15":{"start":{"line":16,"column":0},"end":{"line":16,"column":10}},"16":{"start":{"line":17,"column":0},"end":{"line":17,"column":34}},"17":{"start":{"line":18,"column":0},"end":{"line":18,"column":3}},"18":{"start":{"line":19,"column":0},"end":{"line":19,"column":1}},"20":{"start":{"line":21,"column":0},"end":{"line":21,"column":46}},"21":{"start":{"line":22,"column":0},"end":{"line":22,"column":32}},"22":{"start":{"line":23,"column":0},"end":{"line":23,"column":97}},"23":{"start":{"line":24,"column":0},"end":{"line":24,"column":49}},"24":{"start":{"line":25,"column":0},"end":{"line":25,"column":45}},"25":{"start":{"line":26,"column":0},"end":{"line":26,"column":21}},"26":{"start":{"line":27,"column":0},"end":{"line":27,"column":25}},"27":{"start":{"line":28,"column":0},"end":{"line":28,"column":27}},"28":{"start":{"line":29,"column":0},"end":{"line":29,"column":5}},"29":{"start":{"line":30,"column":0},"end":{"line":30,"column":3}},"30":{"start":{"line":31,"column":0},"end":{"line":31,"column":14}},"31":{"start":{"line":32,"column":0},"end":{"line":32,"column":1}},"33":{"start":{"line":34,"column":0},"end":{"line":34,"column":42}},"34":{"start":{"line":35,"column":0},"end":{"line":35,"column":32}},"35":{"start":{"line":36,"column":0},"end":{"line":36,"column":24}},"36":{"start":{"line":37,"column":0},"end":{"line":37,"column":103}},"37":{"start":{"line":38,"column":0},"end":{"line":38,"column":10}},"38":{"start":{"line":39,"column":0},"end":{"line":39,"column":25}},"39":{"start":{"line":40,"column":0},"end":{"line":40,"column":91}},"40":{"start":{"line":41,"column":0},"end":{"line":41,"column":28}},"41":{"start":{"line":42,"column":0},"end":{"line":42,"column":18}},"42":{"start":{"line":43,"column":0},"end":{"line":43,"column":3}},"43":{"start":{"line":44,"column":0},"end":{"line":44,"column":1}},"45":{"start":{"line":46,"column":0},"end":{"line":46,"column":54}},"46":{"start":{"line":47,"column":0},"end":{"line":47,"column":32}},"47":{"start":{"line":48,"column":0},"end":{"line":48,"column":24}},"48":{"start":{"line":49,"column":0},"end":{"line":49,"column":41}},"49":{"start":{"line":50,"column":0},"end":{"line":50,"column":25}},"50":{"start":{"line":51,"column":0},"end":{"line":51,"column":29}},"51":{"start":{"line":52,"column":0},"end":{"line":52,"column":10}},"52":{"start":{"line":53,"column":0},"end":{"line":53,"column":37}},"53":{"start":{"line":54,"column":0},"end":{"line":54,"column":3}},"54":{"start":{"line":55,"column":0},"end":{"line":55,"column":1}},"56":{"start":{"line":57,"column":0},"end":{"line":57,"column":49}},"57":{"start":{"line":58,"column":0},"end":{"line":58,"column":46}},"58":{"start":{"line":59,"column":0},"end":{"line":59,"column":97}},"59":{"start":{"line":60,"column":0},"end":{"line":60,"column":17}},"60":{"start":{"line":61,"column":0},"end":{"line":61,"column":24}},"61":{"start":{"line":62,"column":0},"end":{"line":62,"column":91}},"62":{"start":{"line":63,"column":0},"end":{"line":63,"column":10}},"63":{"start":{"line":64,"column":0},"end":{"line":64,"column":63}},"64":{"start":{"line":65,"column":0},"end":{"line":65,"column":3}},"66":{"start":{"line":67,"column":0},"end":{"line":67,"column":100}},"67":{"start":{"line":68,"column":0},"end":{"line":68,"column":38}},"69":{"start":{"line":70,"column":0},"end":{"line":70,"column":17}},"70":{"start":{"line":71,"column":0},"end":{"line":71,"column":1}},"72":{"start":{"line":73,"column":0},"end":{"line":73,"column":37}},"73":{"start":{"line":74,"column":0},"end":{"line":74,"column":32}},"74":{"start":{"line":75,"column":0},"end":{"line":75,"column":97}},"75":{"start":{"line":76,"column":0},"end":{"line":76,"column":17}},"76":{"start":{"line":77,"column":0},"end":{"line":77,"column":24}},"77":{"start":{"line":78,"column":0},"end":{"line":78,"column":91}},"78":{"start":{"line":79,"column":0},"end":{"line":79,"column":10}},"79":{"start":{"line":80,"column":0},"end":{"line":80,"column":63}},"80":{"start":{"line":81,"column":0},"end":{"line":81,"column":3}},"82":{"start":{"line":83,"column":0},"end":{"line":83,"column":14}},"83":{"start":{"line":84,"column":0},"end":{"line":84,"column":38}},"85":{"start":{"line":86,"column":0},"end":{"line":86,"column":17}},"86":{"start":{"line":87,"column":0},"end":{"line":87,"column":1}},"88":{"start":{"line":89,"column":0},"end":{"line":89,"column":56}},"89":{"start":{"line":90,"column":0},"end":{"line":90,"column":32}},"90":{"start":{"line":91,"column":0},"end":{"line":91,"column":100}},"91":{"start":{"line":92,"column":0},"end":{"line":92,"column":17}},"92":{"start":{"line":93,"column":0},"end":{"line":93,"column":24}},"93":{"start":{"line":94,"column":0},"end":{"line":94,"column":91}},"94":{"start":{"line":95,"column":0},"end":{"line":95,"column":10}},"95":{"start":{"line":96,"column":0},"end":{"line":96,"column":66}},"96":{"start":{"line":97,"column":0},"end":{"line":97,"column":3}},"98":{"start":{"line":99,"column":0},"end":{"line":99,"column":103}},"99":{"start":{"line":100,"column":0},"end":{"line":100,"column":24}},"100":{"start":{"line":101,"column":0},"end":{"line":101,"column":31}},"101":{"start":{"line":102,"column":0},"end":{"line":102,"column":10}},"102":{"start":{"line":103,"column":0},"end":{"line":103,"column":72}},"103":{"start":{"line":104,"column":0},"end":{"line":104,"column":32}},"104":{"start":{"line":105,"column":0},"end":{"line":105,"column":3}},"105":{"start":{"line":106,"column":0},"end":{"line":106,"column":38}},"106":{"start":{"line":107,"column":0},"end":{"line":107,"column":17}},"107":{"start":{"line":108,"column":0},"end":{"line":108,"column":1}},"109":{"start":{"line":110,"column":0},"end":{"line":110,"column":45}},"110":{"start":{"line":111,"column":0},"end":{"line":111,"column":42}},"111":{"start":{"line":112,"column":0},"end":{"line":112,"column":97}},"112":{"start":{"line":113,"column":0},"end":{"line":113,"column":17}},"113":{"start":{"line":114,"column":0},"end":{"line":114,"column":22}},"114":{"start":{"line":115,"column":0},"end":{"line":115,"column":33}},"115":{"start":{"line":116,"column":0},"end":{"line":116,"column":24}},"117":{"start":{"line":118,"column":0},"end":{"line":118,"column":9}},"118":{"start":{"line":119,"column":0},"end":{"line":119,"column":59}},"119":{"start":{"line":120,"column":0},"end":{"line":120,"column":50}},"120":{"start":{"line":121,"column":0},"end":{"line":121,"column":30}},"121":{"start":{"line":122,"column":0},"end":{"line":122,"column":9}},"122":{"start":{"line":123,"column":0},"end":{"line":123,"column":32}},"123":{"start":{"line":124,"column":0},"end":{"line":124,"column":13}},"124":{"start":{"line":125,"column":0},"end":{"line":125,"column":98}},"125":{"start":{"line":126,"column":0},"end":{"line":126,"column":33}},"126":{"start":{"line":127,"column":0},"end":{"line":127,"column":5}},"127":{"start":{"line":128,"column":0},"end":{"line":128,"column":10}},"129":{"start":{"line":130,"column":0},"end":{"line":130,"column":9}},"130":{"start":{"line":131,"column":0},"end":{"line":131,"column":98}},"131":{"start":{"line":132,"column":0},"end":{"line":132,"column":33}},"132":{"start":{"line":133,"column":0},"end":{"line":133,"column":13}},"133":{"start":{"line":134,"column":0},"end":{"line":134,"column":59}},"134":{"start":{"line":135,"column":0},"end":{"line":135,"column":50}},"135":{"start":{"line":136,"column":0},"end":{"line":136,"column":30}},"136":{"start":{"line":137,"column":0},"end":{"line":137,"column":9}},"137":{"start":{"line":138,"column":0},"end":{"line":138,"column":32}},"138":{"start":{"line":139,"column":0},"end":{"line":139,"column":5}},"139":{"start":{"line":140,"column":0},"end":{"line":140,"column":3}},"141":{"start":{"line":142,"column":0},"end":{"line":142,"column":50}},"142":{"start":{"line":143,"column":0},"end":{"line":143,"column":59}},"143":{"start":{"line":144,"column":0},"end":{"line":144,"column":55}},"144":{"start":{"line":145,"column":0},"end":{"line":145,"column":34}},"145":{"start":{"line":146,"column":0},"end":{"line":146,"column":34}},"146":{"start":{"line":147,"column":0},"end":{"line":147,"column":62}},"147":{"start":{"line":148,"column":0},"end":{"line":148,"column":74}},"148":{"start":{"line":149,"column":0},"end":{"line":149,"column":13}},"149":{"start":{"line":150,"column":0},"end":{"line":150,"column":55}},"150":{"start":{"line":151,"column":0},"end":{"line":151,"column":51}},"151":{"start":{"line":152,"column":0},"end":{"line":152,"column":37}},"152":{"start":{"line":153,"column":0},"end":{"line":153,"column":33}},"153":{"start":{"line":154,"column":0},"end":{"line":154,"column":53}},"154":{"start":{"line":155,"column":0},"end":{"line":155,"column":49}},"155":{"start":{"line":156,"column":0},"end":{"line":156,"column":29}},"156":{"start":{"line":157,"column":0},"end":{"line":157,"column":33}},"157":{"start":{"line":158,"column":0},"end":{"line":158,"column":35}},"158":{"start":{"line":159,"column":0},"end":{"line":159,"column":41}},"159":{"start":{"line":160,"column":0},"end":{"line":160,"column":28}},"160":{"start":{"line":161,"column":0},"end":{"line":161,"column":25}},"161":{"start":{"line":162,"column":0},"end":{"line":162,"column":43}},"162":{"start":{"line":163,"column":0},"end":{"line":163,"column":41}},"163":{"start":{"line":164,"column":0},"end":{"line":164,"column":61}},"164":{"start":{"line":165,"column":0},"end":{"line":165,"column":57}},"165":{"start":{"line":166,"column":0},"end":{"line":166,"column":73}},"166":{"start":{"line":167,"column":0},"end":{"line":167,"column":29}},"167":{"start":{"line":168,"column":0},"end":{"line":168,"column":39}},"169":{"start":{"line":170,"column":0},"end":{"line":170,"column":47}},"170":{"start":{"line":171,"column":0},"end":{"line":171,"column":57}},"171":{"start":{"line":172,"column":0},"end":{"line":172,"column":37}},"172":{"start":{"line":173,"column":0},"end":{"line":173,"column":54}},"173":{"start":{"line":174,"column":0},"end":{"line":174,"column":29}},"174":{"start":{"line":175,"column":0},"end":{"line":175,"column":65}},"175":{"start":{"line":176,"column":0},"end":{"line":176,"column":3}},"177":{"start":{"line":178,"column":0},"end":{"line":178,"column":38}},"179":{"start":{"line":180,"column":0},"end":{"line":180,"column":17}},"180":{"start":{"line":181,"column":0},"end":{"line":181,"column":1}},"182":{"start":{"line":183,"column":0},"end":{"line":183,"column":54}},"183":{"start":{"line":184,"column":0},"end":{"line":184,"column":32}},"184":{"start":{"line":185,"column":0},"end":{"line":185,"column":17}},"185":{"start":{"line":186,"column":0},"end":{"line":186,"column":22}},"186":{"start":{"line":187,"column":0},"end":{"line":187,"column":24}},"187":{"start":{"line":188,"column":0},"end":{"line":188,"column":57}},"188":{"start":{"line":189,"column":0},"end":{"line":189,"column":48}},"189":{"start":{"line":190,"column":0},"end":{"line":190,"column":28}},"190":{"start":{"line":191,"column":0},"end":{"line":191,"column":7}},"191":{"start":{"line":192,"column":0},"end":{"line":192,"column":10}},"192":{"start":{"line":193,"column":0},"end":{"line":193,"column":99}},"193":{"start":{"line":194,"column":0},"end":{"line":194,"column":96}},"194":{"start":{"line":195,"column":0},"end":{"line":195,"column":3}},"196":{"start":{"line":197,"column":0},"end":{"line":197,"column":24}},"197":{"start":{"line":198,"column":0},"end":{"line":198,"column":65}},"198":{"start":{"line":199,"column":0},"end":{"line":199,"column":10}},"199":{"start":{"line":200,"column":0},"end":{"line":200,"column":108}},"200":{"start":{"line":201,"column":0},"end":{"line":201,"column":3}},"202":{"start":{"line":203,"column":0},"end":{"line":203,"column":38}},"204":{"start":{"line":205,"column":0},"end":{"line":205,"column":17}},"205":{"start":{"line":206,"column":0},"end":{"line":206,"column":1}}},"s":{"1":0,"2":0,"4":0,"6":0,"8":0,"9":0,"11":0,"12":0,"13":0,"14":0,"15":0,"16":0,"17":0,"18":0,"20":0,"21":0,"22":0,"23":0,"24":0,"25":0,"26":0,"27":0,"28":0,"29":0,"30":0,"31":0,"33":0,"34":0,"35":0,"36":0,"37":0,"38":0,"39":0,"40":0,"41":0,"42":0,"43":0,"45":0,"46":0,"47":0,"48":0,"49":0,"50":0,"51":0,"52":0,"53":0,"54":0,"56":0,"57":0,"58":0,"59":0,"60":0,"61":0,"62":0,"63":0,"64":0,"66":0,"67":0,"69":0,"70":0,"72":0,"73":0,"74":0,"75":0,"76":0,"77":0,"78":0,"79":0,"80":0,"82":0,"83":0,"85":0,"86":0,"88":0,"89":0,"90":0,"91":0,"92":0,"93":0,"94":0,"95":0,"96":0,"98":0,"99":0,"100":0,"101":0,"102":0,"103":0,"104":0,"105":0,"106":0,"107":0,"109":0,"110":0,"111":0,"112":0,"113":0,"114":0,"115":0,"117":0,"118":0,"119":0,"120":0,"121":0,"122":0,"123":0,"124":0,"125":0,"126":0,"127":0,"129":0,"130":0,"131":0,"132":0,"133":0,"134":0,"135":0,"136":0,"137":0,"138":0,"139":0,"141":0,"142":0,"143":0,"144":0,"145":0,"146":0,"147":0,"148":0,"149":0,"150":0,"151":0,"152":0,"153":0,"154":0,"155":0,"156":0,"157":0,"158":0,"159":0,"160":0,"161":0,"162":0,"163":0,"164":0,"165":0,"166":0,"167":0,"169":0,"170":0,"171":0,"172":0,"173":0,"174":0,"175":0,"177":0,"179":0,"180":0,"182":0,"183":0,"184":0,"185":0,"186":0,"187":0,"188":0,"189":0,"190":0,"191":0,"192":0,"193":0,"194":0,"196":0,"197":0,"198":0,"199":0,"200":0,"202":0,"204":0,"205":0},"branchMap":{"0":{"type":"branch","line":1,"loc":{"start":{"line":1,"column":7173},"end":{"line":206,"column":1}},"locations":[{"start":{"line":1,"column":7173},"end":{"line":206,"column":1}}]}},"b":{"0":[1]},"fnMap":{"0":{"name":"(empty-report)","decl":{"start":{"line":1,"column":7173},"end":{"line":206,"column":1}},"loc":{"start":{"line":1,"column":7173},"end":{"line":206,"column":1}},"line":1}},"f":{"0":1}}
,"/home/jakekausler/programs/billsV2Dev/Bills-Node-Server/src/api/accounts/bills/bills.ts": {"path":"/home/jakekausler/programs/billsV2Dev/Bills-Node-Server/src/api/accounts/bills/bills.ts","all":false,"statementMap":{"1":{"start":{"line":2,"column":0},"end":{"line":2,"column":53}},"3":{"start":{"line":4,"column":0},"end":{"line":4,"column":53}},"4":{"start":{"line":5,"column":0},"end":{"line":5,"column":47}},"6":{"start":{"line":7,"column":0},"end":{"line":7,"column":66}},"13":{"start":{"line":14,"column":0},"end":{"line":14,"column":51}},"14":{"start":{"line":15,"column":0},"end":{"line":15,"column":32}},"15":{"start":{"line":16,"column":0},"end":{"line":16,"column":97}},"16":{"start":{"line":17,"column":0},"end":{"line":17,"column":55}},"17":{"start":{"line":18,"column":0},"end":{"line":18,"column":1}},"24":{"start":{"line":25,"column":0},"end":{"line":25,"column":43}},"25":{"start":{"line":26,"column":0},"end":{"line":26,"column":42}},"26":{"start":{"line":27,"column":0},"end":{"line":27,"column":52}},"27":{"start":{"line":28,"column":0},"end":{"line":28,"column":29}},"28":{"start":{"line":29,"column":0},"end":{"line":29,"column":57}},"29":{"start":{"line":30,"column":0},"end":{"line":30,"column":10}},"30":{"start":{"line":31,"column":0},"end":{"line":31,"column":99}},"31":{"start":{"line":32,"column":0},"end":{"line":32,"column":29}},"32":{"start":{"line":33,"column":0},"end":{"line":33,"column":3}},"33":{"start":{"line":34,"column":0},"end":{"line":34,"column":38}},"34":{"start":{"line":35,"column":0},"end":{"line":35,"column":17}},"35":{"start":{"line":36,"column":0},"end":{"line":36,"column":1}}},"s":{"1":1,"3":1,"4":1,"6":1,"13":1,"14":2,"15":2,"16":2,"17":2,"24":1,"25":2,"26":2,"27":2,"28":1,"29":1,"30":1,"31":1,"32":1,"33":2,"34":2,"35":2},"branchMap":{"0":{"type":"branch","line":14,"loc":{"start":{"line":14,"column":7},"end":{"line":18,"column":1}},"locations":[{"start":{"line":14,"column":7},"end":{"line":18,"column":1}}]},"1":{"type":"branch","line":17,"loc":{"start":{"line":17,"column":27},"end":{"line":17,"column":53}},"locations":[{"start":{"line":17,"column":27},"end":{"line":17,"column":53}}]},"2":{"type":"branch","line":25,"loc":{"start":{"line":25,"column":7},"end":{"line":36,"column":1}},"locations":[{"start":{"line":25,"column":7},"end":{"line":36,"column":1}}]},"3":{"type":"branch","line":28,"loc":{"start":{"line":28,"column":28},"end":{"line":33,"column":3}},"locations":[{"start":{"line":28,"column":28},"end":{"line":33,"column":3}}]}},"b":{"0":[2],"1":[1],"2":[2],"3":[1]},"fnMap":{"0":{"name":"getAccountBills","decl":{"start":{"line":14,"column":7},"end":{"line":18,"column":1}},"loc":{"start":{"line":14,"column":7},"end":{"line":18,"column":1}},"line":14},"1":{"name":"addBill","decl":{"start":{"line":25,"column":7},"end":{"line":36,"column":1}},"loc":{"start":{"line":25,"column":7},"end":{"line":36,"column":1}},"line":25}},"f":{"0":2,"1":2}}
,"/home/jakekausler/programs/billsV2Dev/Bills-Node-Server/src/api/accounts/consolidatedActivity/consolidatedActivity.ts": {"path":"/home/jakekausler/programs/billsV2Dev/Bills-Node-Server/src/api/accounts/consolidatedActivity/consolidatedActivity.ts","all":true,"statementMap":{"1":{"start":{"line":2,"column":0},"end":{"line":2,"column":53}},"3":{"start":{"line":4,"column":0},"end":{"line":4,"column":53}},"5":{"start":{"line":6,"column":0},"end":{"line":6,"column":59}},"6":{"start":{"line":7,"column":0},"end":{"line":7,"column":32}},"7":{"start":{"line":8,"column":0},"end":{"line":8,"column":97}},"8":{"start":{"line":9,"column":0},"end":{"line":9,"column":64}},"9":{"start":{"line":10,"column":0},"end":{"line":10,"column":1}}},"s":{"1":0,"3":0,"5":0,"6":0,"7":0,"8":0,"9":0},"branchMap":{"0":{"type":"branch","line":1,"loc":{"start":{"line":1,"column":458},"end":{"line":10,"column":1}},"locations":[{"start":{"line":1,"column":458},"end":{"line":10,"column":1}}]}},"b":{"0":[1]},"fnMap":{"0":{"name":"(empty-report)","decl":{"start":{"line":1,"column":458},"end":{"line":10,"column":1}},"loc":{"start":{"line":1,"column":458},"end":{"line":10,"column":1}},"line":1}},"f":{"0":1}}
[...]
e":125,"column":0},"end":{"line":125,"column":95}},"125":{"start":{"line":126,"column":0},"end":{"line":126,"column":12}},"126":{"start":{"line":127,"column":0},"end":{"line":127,"column":68}},"127":{"start":{"line":128,"column":0},"end":{"line":128,"column":30}},"128":{"start":{"line":129,"column":0},"end":{"line":129,"column":37}},"129":{"start":{"line":130,"column":0},"end":{"line":130,"column":6}},"130":{"start":{"line":131,"column":0},"end":{"line":131,"column":3}},"132":{"start":{"line":133,"column":0},"end":{"line":133,"column":7}},"133":{"start":{"line":134,"column":0},"end":{"line":134,"column":48}},"134":{"start":{"line":135,"column":0},"end":{"line":135,"column":30}},"135":{"start":{"line":136,"column":0},"end":{"line":136,"column":52}},"136":{"start":{"line":137,"column":0},"end":{"line":137,"column":5}},"137":{"start":{"line":138,"column":0},"end":{"line":138,"column":15}},"138":{"start":{"line":139,"column":0},"end":{"line":139,"column":28}},"139":{"start":{"line":140,"column":0},"end":{"line":140,"column":3}},"140":{"start":{"line":141,"column":0},"end":{"line":141,"column":43}},"141":{"start":{"line":142,"column":0},"end":{"line":142,"column":12}},"142":{"start":{"line":143,"column":0},"end":{"line":143,"column":111}},"143":{"start":{"line":144,"column":0},"end":{"line":144,"column":29}},"144":{"start":{"line":145,"column":0},"end":{"line":145,"column":37}},"145":{"start":{"line":146,"column":0},"end":{"line":146,"column":6}},"146":{"start":{"line":147,"column":0},"end":{"line":147,"column":78}},"147":{"start":{"line":148,"column":0},"end":{"line":148,"column":20}},"148":{"start":{"line":149,"column":0},"end":{"line":149,"column":128}},"149":{"start":{"line":150,"column":0},"end":{"line":150,"column":6}},"150":{"start":{"line":151,"column":0},"end":{"line":151,"column":3}},"151":{"start":{"line":152,"column":0},"end":{"line":152,"column":10}},"152":{"start":{"line":153,"column":0},"end":{"line":153,"column":25}},"153":{"start":{"line":154,"column":0},"end":{"line":154,"column":39}},"154":{"start":{"line":155,"column":0},"end":{"line":155,"column":35}},"155":{"start":{"line":156,"column":0},"end":{"line":156,"column":4}},"156":{"start":{"line":157,"column":0},"end":{"line":157,"column":1}}},"s":{"0":1,"3":1,"18":1,"19":6,"22":6,"23":1,"24":1,"25":1,"26":1,"27":1,"30":5,"31":6,"32":3,"33":3,"34":3,"35":3,"36":3,"39":2,"40":2,"41":6,"42":1,"43":1,"44":1,"45":1,"46":1,"47":6,"49":0,"51":1,"52":1,"64":1,"65":5,"66":5,"67":5,"68":5,"73":5,"74":5,"75":5,"76":5,"77":5,"78":5,"79":2,"80":2,"81":5,"82":2,"83":2,"84":2,"85":2,"86":2,"87":5,"88":1,"89":1,"90":2,"91":2,"92":2,"93":2,"94":2,"95":2,"110":1,"111":7,"112":7,"113":7,"114":7,"119":7,"120":7,"121":7,"124":7,"125":2,"126":2,"127":2,"128":2,"129":2,"130":2,"132":5,"133":5,"134":7,"135":2,"136":2,"137":7,"138":2,"139":2,"140":7,"141":2,"142":2,"143":2,"144":2,"145":2,"146":7,"147":1,"148":1,"149":1,"150":1,"151":2,"152":2,"153":2,"154":2,"155":2,"156":2},"branchMap":{"0":{"type":"branch","line":19,"loc":{"start":{"line":19,"column":7},"end":{"line":53,"column":1}},"locations":[{"start":{"line":19,"column":7},"end":{"line":53,"column":1}}]},"1":{"type":"branch","line":23,"loc":{"start":{"line":23,"column":31},"end":{"line":28,"column":3}},"locations":[{"start":{"line":23,"column":31},"end":{"line":28,"column":3}}]},"2":{"type":"branch","line":28,"loc":{"start":{"line":28,"column":2},"end":{"line":32,"column":30}},"locations":[{"start":{"line":28,"column":2},"end":{"line":32,"column":30}}]},"3":{"type":"branch","line":32,"loc":{"start":{"line":32,"column":25},"end":{"line":32,"column":56}},"locations":[{"start":{"line":32,"column":25},"end":{"line":32,"column":56}}]},"4":{"type":"branch","line":32,"loc":{"start":{"line":32,"column":51},"end":{"line":32,"column":98}},"locations":[{"start":{"line":32,"column":51},"end":{"line":32,"column":98}}]},"5":{"type":"branch","line":32,"loc":{"start":{"line":32,"column":98},"end":{"line":37,"column":3}},"locations":[{"start":{"line":32,"column":98},"end":{"line":37,"column":3}}]},"6":{"type":"branch","line":37,"loc":{"start":{"line":37,"column":2},"end":{"line":42,"column":38}},"locations":[{"start":{"line":37,"column":2},"end":{"line":42,"column":38}}]},"7":{"type":"branch","line":42,"loc":{"start":{"line":42,"column":38},"end":{"line":47,"column":5}},"locations":[{"start":{"line":42,"column":38},"end":{"line":47,"column":5}}]},"8":{"type":"branch","line":48,"loc":{"start":{"line":48,"column":2},"end":{"line":50,"column":3}},"locations":[{"start":{"line":48,"column":2},"end":{"line":50,"column":3}}]},"9":{"type":"branch","line":50,"loc":{"start":{"line":50,"column":2},"end":{"line":53,"column":1}},"locations":[{"start":{"line":50,"column":2},"end":{"line":53,"column":1}}]},"10":{"type":"branch","line":65,"loc":{"start":{"line":65,"column":7},"end":{"line":96,"column":1}},"locations":[{"start":{"line":65,"column":7},"end":{"line":96,"column":1}}]},"11":{"type":"branch","line":79,"loc":{"start":{"line":79,"column":2},"end":{"line":81,"column":3}},"locations":[{"start":{"line":79,"column":2},"end":{"line":81,"column":3}}]},"12":{"type":"branch","line":82,"loc":{"start":{"line":82,"column":6},"end":{"line":82,"column":38}},"locations":[{"start":{"line":82,"column":6},"end":{"line":82,"column":38}}]},"13":{"type":"branch","line":82,"loc":{"start":{"line":82,"column":38},"end":{"line":88,"column":14}},"locations":[{"start":{"line":82,"column":38},"end":{"line":88,"column":14}}]},"14":{"type":"branch","line":88,"loc":{"start":{"line":88,"column":2},"end":{"line":90,"column":3}},"locations":[{"start":{"line":88,"column":2},"end":{"line":90,"column":3}}]},"15":{"type":"branch","line":88,"loc":{"start":{"line":88,"column":14},"end":{"line":88,"column":50}},"locations":[{"start":{"line":88,"column":14},"end":{"line":88,"column":50}}]},"16":{"type":"branch","line":88,"loc":{"start":{"line":88,"column":33},"end":{"line":88,"column":63}},"locations":[{"start":{"line":88,"column":33},"end":{"line":88,"column":63}}]},"17":{"type":"branch","line":88,"loc":{"start":{"line":88,"column":63},"end":{"line":90,"column":3}},"locations":[{"start":{"line":88,"column":63},"end":{"line":90,"column":3}}]},"18":{"type":"branch","line":90,"loc":{"start":{"line":90,"column":2},"end":{"line":96,"column":1}},"locations":[{"start":{"line":90,"column":2},"end":{"line":96,"column":1}}]},"19":{"type":"branch","line":111,"loc":{"start":{"line":111,"column":7},"end":{"line":157,"column":1}},"locations":[{"start":{"line":111,"column":7},"end":{"line":157,"column":1}}]},"20":{"type":"branch","line":125,"loc":{"start":{"line":125,"column":24},"end":{"line":125,"column":94}},"locations":[{"start":{"line":125,"column":24},"end":{"line":125,"column":94}}]},"21":{"type":"branch","line":125,"loc":{"start":{"line":125,"column":61},"end":{"line":125,"column":94}},"locations":[{"start":{"line":125,"column":61},"end":{"line":125,"column":94}}]},"22":{"type":"branch","line":125,"loc":{"start":{"line":125,"column":94},"end":{"line":131,"column":3}},"locations":[{"start":{"line":125,"column":94},"end":{"line":131,"column":3}}]},"23":{"type":"branch","line":131,"loc":{"start":{"line":131,"column":2},"end":{"line":135,"column":29}},"locations":[{"start":{"line":131,"column":2},"end":{"line":135,"column":29}}]},"24":{"type":"branch","line":135,"loc":{"start":{"line":135,"column":29},"end":{"line":137,"column":5}},"locations":[{"start":{"line":135,"column":29},"end":{"line":137,"column":5}}]},"25":{"type":"branch","line":138,"loc":{"start":{"line":138,"column":2},"end":{"line":140,"column":3}},"locations":[{"start":{"line":138,"column":2},"end":{"line":140,"column":3}}]},"26":{"type":"branch","line":140,"loc":{"start":{"line":140,"column":2},"end":{"line":141,"column":26}},"locations":[{"start":{"line":140,"column":2},"end":{"line":141,"column":26}}]},"27":{"type":"branch","line":141,"loc":{"start":{"line":141,"column":6},"end":{"line":141,"column":42}},"locations":[{"start":{"line":141,"column":6},"end":{"line":141,"column":42}}]},"28":{"type":"branch","line":141,"loc":{"start":{"line":141,"column":42},"end":{"line":147,"column":14}},"locations":[{"start":{"line":141,"column":42},"end":{"line":147,"column":14}}]},"29":{"type":"branch","line":147,"loc":{"start":{"line":147,"column":2},"end":{"line":151,"column":3}},"locations":[{"start":{"line":147,"column":2},"end":{"line":151,"column":3}}]},"30":{"type":"branch","line":147,"loc":{"start":{"line":147,"column":14},"end":{"line":147,"column":54}},"locations":[{"start":{"line":147,"column":14},"end":{"line":147,"column":54}}]},"31":{"type":"branch","line":147,"loc":{"start":{"line":147,"column":35},"end":{"line":147,"column":77}},"locations":[{"start":{"line":147,"column":35},"end":{"line":147,"column":77}}]},"32":{"type":"branch","line":147,"loc":{"start":{"line":147,"column":77},"end":{"line":151,"column":3}},"locations":[{"start":{"line":147,"column":77},"end":{"line":151,"column":3}}]},"33":{"type":"branch","line":151,"loc":{"start":{"line":151,"column":2},"end":{"line":157,"column":1}},"locations":[{"start":{"line":151,"column":2},"end":{"line":157,"column":1}}]}},"b":{"0":[6],"1":[1],"2":[5],"3":[4],"4":[4],"5":[3],"6":[2],"7":[1],"8":[0],"9":[1],"10":[5],"11":[2],"12":[3],"13":[2],"14":[3],"15":[1],"16":[2],"17":[1],"18":[2],"19":[7],"20":[5],"21":[4],"22":[2],"23":[5],"24":[2],"25":[2],"26":[5],"27":[3],"28":[2],"29":[3],"30":[1],"31":[2],"32":[1],"33":[2]},"fnMap":{"0":{"name":"loadVariableValue","decl":{"start":{"line":19,"column":7},"end":{"line":53,"column":1}},"loc":{"start":{"line":19,"column":7},"end":{"line":53,"column":1}},"line":19},"1":{"name":"loadDateOrVariable","decl":{"start":{"line":65,"column":7},"end":{"line":96,"column":1}},"loc":{"start":{"line":65,"column":7},"end":{"line":96,"column":1}},"line":65},"2":{"name":"loadNumberOrVariable","decl":{"start":{"line":111,"column":7},"end":{"line":157,"column":1}},"loc":{"start":{"line":111,"column":7},"end":{"line":157,"column":1}},"line":111}},"f":{"0":6,"1":5,"2":7}}
,"/home/jakekausler/programs/billsV2Dev/Bills-Node-Server/src/utils/simulation/setVariableValue.ts": {"path":"/home/jakekausler/programs/billsV2Dev/Bills-Node-Server/src/utils/simulation/setVariableValue.ts","all":true,"statementMap":{"0":{"start":{"line":1,"column":0},"end":{"line":1,"column":41}},"15":{"start":{"line":16,"column":0},"end":{"line":16,"column":71}},"16":{"start":{"line":17,"column":0},"end":{"line":17,"column":32}},"17":{"start":{"line":18,"column":0},"end":{"line":18,"column":42}},"18":{"start":{"line":19,"column":0},"end":{"line":19,"column":14}},"19":{"start":{"line":20,"column":0},"end":{"line":20,"column":39}},"20":{"start":{"line":21,"column":0},"end":{"line":21,"column":23}},"21":{"start":{"line":22,"column":0},"end":{"line":22,"column":8}},"22":{"start":{"line":23,"column":0},"end":{"line":23,"column":12}},"23":{"start":{"line":24,"column":0},"end":{"line":24,"column":14}},"24":{"start":{"line":25,"column":0},"end":{"line":25,"column":27}},"25":{"start":{"line":26,"column":0},"end":{"line":26,"column":23}},"26":{"start":{"line":27,"column":0},"end":{"line":27,"column":8}},"27":{"start":{"line":28,"column":0},"end":{"line":28,"column":5}},"28":{"start":{"line":29,"column":0},"end":{"line":29,"column":37}},"29":{"start":{"line":30,"column":0},"end":{"line":30,"column":12}},"30":{"start":{"line":31,"column":0},"end":{"line":31,"column":50}},"31":{"start":{"line":32,"column":0},"end":{"line":32,"column":19}},"32":{"start":{"line":33,"column":0},"end":{"line":33,"column":6}},"33":{"start":{"line":34,"column":0},"end":{"line":34,"column":10}},"34":{"start":{"line":35,"column":0},"end":{"line":35,"column":52}},"35":{"start":{"line":36,"column":0},"end":{"line":36,"column":3}},"36":{"start":{"line":37,"column":0},"end":{"line":37,"column":1}}},"s":{"0":0,"15":0,"16":0,"17":0,"18":0,"19":0,"20":0,"21":0,"22":0,"23":0,"24":0,"25":0,"26":0,"27":0,"28":0,"29":0,"30":0,"31":0,"32":0,"33":0,"34":0,"35":0,"36":0},"branchMap":{"0":{"type":"branch","line":1,"loc":{"start":{"line":1,"column":1143},"end":{"line":37,"column":1}},"locations":[{"start":{"line":1,"column":1143},"end":{"line":37,"column":1}}]}},"b":{"0":[0]},"fnMap":{"0":{"name":"(empty-report)","decl":{"start":{"line":1,"column":1143},"end":{"line":37,"column":1}},"loc":{"start":{"line":1,"column":1143},"end":{"line":37,"column":1}},"line":1}},"f":{"0":0}}
,"/home/jakekausler/programs/billsV2Dev/Bills-Node-Server/src/utils/simulation/types.d.ts": {"path":"/home/jakekausler/programs/billsV2Dev/Bills-Node-Server/src/utils/simulation/types.d.ts","all":true,"statementMap":{},"s":{},"branchMap":{"0":{"type":"branch","line":1,"loc":{"start":{"line":1,"column":674},"end":{"line":35,"column":6}},"locations":[{"start":{"line":1,"column":674},"end":{"line":35,"column":6}}]}},"b":{"0":[1]},"fnMap":{"0":{"name":"(empty-report)","decl":{"start":{"line":1,"column":674},"end":{"line":35,"column":6}},"loc":{"start":{"line":1,"column":674},"end":{"line":35,"column":6}},"line":1}},"f":{"0":1}}
,"/home/jakekausler/programs/billsV2Dev/Bills-Node-Server/src/utils/simulation/variable.ts": {"path":"/home/jakekausler/programs/billsV2Dev/Bills-Node-Server/src/utils/simulation/variable.ts","all":false,"statementMap":{"0":{"start":{"line":1,"column":0},"end":{"line":1,"column":41}},"2":{"start":{"line":3,"column":0},"end":{"line":3,"column":51}},"16":{"start":{"line":17,"column":0},"end":{"line":17,"column":29}},"17":{"start":{"line":18,"column":0},"end":{"line":18,"column":19}},"18":{"start":{"line":19,"column":0},"end":{"line":19,"column":21}},"19":{"start":{"line":20,"column":0},"end":{"line":20,"column":64}},"20":{"start":{"line":21,"column":0},"end":{"line":21,"column":40}},"21":{"start":{"line":22,"column":0},"end":{"line":22,"column":78}},"22":{"start":{"line":23,"column":0},"end":{"line":23,"column":19}},"23":{"start":{"line":24,"column":0},"end":{"line":24,"column":60}},"24":{"start":{"line":25,"column":0},"end":{"line":25,"column":3}},"25":{"start":{"line":26,"column":0},"end":{"line":26,"column":29}},"26":{"start":{"line":27,"column":0},"end":{"line":27,"column":107}},"27":{"start":{"line":28,"column":0},"end":{"line":28,"column":20}},"28":{"start":{"line":29,"column":0},"end":{"line":29,"column":3}},"29":{"start":{"line":30,"column":0},"end":{"line":30,"column":30}},"30":{"start":{"line":31,"column":0},"end":{"line":31,"column":46}},"31":{"start":{"line":32,"column":0},"end":{"line":32,"column":58}},"32":{"start":{"line":33,"column":0},"end":{"line":33,"column":66}},"33":{"start":{"line":34,"column":0},"end":{"line":34,"column":14}},"34":{"start":{"line":35,"column":0},"end":{"line":35,"column":49}},"35":{"start":{"line":36,"column":0},"end":{"line":36,"column":7}},"36":{"start":{"line":37,"column":0},"end":{"line":37,"column":55}},"37":{"start":{"line":38,"column":0},"end":{"line":38,"column":58}},"38":{"start":{"line":39,"column":0},"end":{"line":39,"column":63}},"39":{"start":{"line":40,"column":0},"end":{"line":40,"column":14}},"40":{"start":{"line":41,"column":0},"end":{"line":41,"column":51}},"41":{"start":{"line":42,"column":0},"end":{"line":42,"column":7}},"42":{"start":{"line":43,"column":0},"end":{"line":43,"column":12}},"43":{"start":{"line":44,"column":0},"end":{"line":44,"column":77}},"44":{"start":{"line":45,"column":0},"end":{"line":45,"column":5}},"45":{"start":{"line":46,"column":0},"end":{"line":46,"column":3}},"46":{"start":{"line":47,"column":0},"end":{"line":47,"column":52}},"47":{"start":{"line":48,"column":0},"end":{"line":48,"column":1}}},"s":{"0":1,"2":1,"16":1,"17":0,"18":0,"19":0,"20":0,"21":0,"22":0,"23":0,"24":0,"25":0,"26":0,"27":0,"28":0,"29":0,"30":0,"31":0,"32":0,"33":0,"34":0,"35":0,"36":0,"37":0,"38":0,"39":0,"40":0,"41":0,"42":0,"43":0,"44":0,"45":0,"46":0,"47":0},"branchMap":{},"b":{},"fnMap":{"0":{"name":"loadVariable","decl":{"start":{"line":17,"column":7},"end":{"line":48,"column":1}},"loc":{"start":{"line":17,"column":7},"end":{"line":48,"column":1}},"line":17}},"f":{"0":0}}
,"/home/jakekausler/programs/billsV2Dev/Bills-Node-Server/src/utils/test/mockData.ts": {"path":"/home/jakekausler/programs/billsV2Dev/Bills-Node-Server/src/utils/test/mockData.ts","all":false,"statementMap":{"2":{"start":{"line":3,"column":0},"end":{"line":3,"column":28}},"7":{"start":{"line":8,"column":0},"end":{"line":8,"column":78}},"8":{"start":{"line":9,"column":0},"end":{"line":9,"column":10}},"9":{"start":{"line":10,"column":0},"end":{"line":10,"column":14}},"10":{"start":{"line":11,"column":0},"end":{"line":11,"column":15}},"11":{"start":{"line":12,"column":0},"end":{"line":12,"column":13}},"12":{"start":{"line":13,"column":0},"end":{"line":13,"column":16}},"13":{"start":{"line":14,"column":0},"end":{"line":14,"column":17}},"14":{"start":{"line":15,"column":0},"end":{"line":15,"column":20}},"15":{"start":{"line":16,"column":0},"end":{"line":16,"column":16}},"16":{"start":{"line":17,"column":0},"end":{"line":17,"column":11}},"17":{"start":{"line":18,"column":0},"end":{"line":18,"column":1}},"22":{"start":{"line":23,"column":0},"end":{"line":23,"column":117}},"23":{"start":{"line":24,"column":0},"end":{"line":24,"column":10}},"24":{"start":{"line":25,"column":0},"end":{"line":25,"column":17}},"25":{"start":{"line":26,"column":0},"end":{"line":26,"column":16}},"26":{"start":{"line":27,"column":0},"end":{"line":27,"column":16}},"27":{"start":{"line":28,"column":0},"end":{"line":28,"column":18}},"28":{"start":{"line":29,"column":0},"end":{"line":29,"column":6}},"29":{"start":{"line":30,"column":0},"end":{"line":30,"column":16}},"30":{"start":{"line":31,"column":0},"end":{"line":31,"column":11}},"31":{"start":{"line":32,"column":0},"end":{"line":32,"column":1}},"36":{"start":{"line":37,"column":0},"end":{"line":37,"column":65}},"37":{"start":{"line":38,"column":0},"end":{"line":38,"column":10}},"38":{"start":{"line":39,"column":0},"end":{"line":39,"column":59}},"39":{"start":{"line":40,"column":0},"end":{"line":40,"column":38}},"40":{"start":{"line":41,"column":0},"end":{"line":41,"column":36}},"41":{"start":{"line":42,"column":0},"end":{"line":42,"column":25}},"42":{"start":{"line":43,"column":0},"end":{"line":43,"column":28}},"43":{"start":{"line":44,"column":0},"end":{"line":44,"column":26}},"44":{"start":{"line":45,"column":0},"end":{"line":45,"column":25}},"45":{"start":{"line":46,"column":0},"end":{"line":46,"column":17}},"46":{"start":{"line":47,"column":0},"end":{"line":47,"column":22}},"47":{"start":{"line":48,"column":0},"end":{"line":48,"column":22}},"48":{"start":{"line":49,"column":0},"end":{"line":49,"column":12}},"49":{"start":{"line":50,"column":0},"end":{"line":50,"column":13}},"50":{"start":{"line":51,"column":0},"end":{"line":51,"column":13}},"51":{"start":{"line":52,"column":0},"end":{"line":52,"column":16}},"52":{"start":{"line":53,"column":0},"end":{"line":53,"column":4}},"53":{"start":{"line":54,"column":0},"end":{"line":54,"column":1}}},"s":{"2":1,"7":1,"8":64,"9":64,"10":64,"11":64,"12":64,"13":64,"14":64,"15":64,"16":64,"17":64,"22":1,"23":0,"24":0,"25":0,"26":0,"27":0,"28":0,"29":0,"30":0,"31":0,"36":1,"37":0,"38":0,"39":0,"40":0,"41":0,"42":0,"43":0,"44":0,"45":0,"46":0,"47":0,"48":0,"49":0,"50":0,"51":0,"52":0,"53":0},"branchMap":{"0":{"type":"branch","line":8,"loc":{"start":{"line":8,"column":7},"end":{"line":18,"column":1}},"locations":[{"start":{"line":8,"column":7},"end":{"line":18,"column":1}}]}},"b":{"0":[64]},"fnMap":{"0":{"name":"createMockRequest","decl":{"start":{"line":8,"column":7},"end":{"line":18,"column":1}},"loc":{"start":{"line":8,"column":7},"end":{"line":18,"column":1}},"line":8},"1":{"name":"createMockAccountsAndTransfers","decl":{"start":{"line":23,"column":7},"end":{"line":32,"column":1}},"loc":{"start":{"line":23,"column":7},"end":{"line":32,"column":1}},"line":23},"2":{"name":"createMockRequestData","decl":{"start":{"line":37,"column":7},"end":{"line":54,"column":1}},"loc":{"start":{"line":37,"column":7},"end":{"line":54,"column":1}},"line":37}},"f":{"0":64,"1":0,"2":0}}
}
